Open5GS daemon v2.7.6

11/18 01:17:02.405: [app] INFO: Configuration: '/etc/open5gs/custom/amf.yaml' (../lib/app/ogs-init.c:144)
11/18 01:17:02.405: [app] INFO: File Logging: '/var/log/open5gs/amf.log' (../lib/app/ogs-init.c:147)
11/18 01:17:02.411: [sbi] INFO: Setup NF EndPoint(fqdn) [nrf.open5gs.org:80] (../lib/sbi/context.c:459)
11/18 01:17:02.412: [metrics] INFO: metrics_server() [http://amf.open5gs.org]:9090 (../lib/metrics/prometheus/context.c:297)
11/18 01:17:02.412: [sbi] INFO: NF Service [namf-comm] (../lib/sbi/context.c:1994)
11/18 01:17:02.413: [sbi] INFO: nghttp2_server() [http://amf.open5gs.org]:80 (../lib/sbi/nghttp2-server.c:434)
11/18 01:17:02.413: [amf] INFO: ngap_server() [10.33.33.11]:38412 (../src/amf/ngap-sctp.c:61)
11/18 01:17:02.413: [sctp] INFO: AMF initialize...done (../src/amf/app.c:33)
11/18 01:17:02.416: [sbi] INFO: [49c257b0-c41c-41f0-96b3-6be3ad303567] NF registered [Heartbeat:10s] (../lib/sbi/nf-sm.c:295)
11/18 01:17:02.418: [sbi] INFO: Setup NF EndPoint(fqdn) [nrf.open5gs.org:80] (../lib/sbi/nnrf-handler.c:955)
11/18 01:17:02.418: [sbi] INFO: [49c3adc2-c41c-41f0-815f-9323071c0d25] Subscription created until 2025-11-19T01:17:02.417530+00:00 [duration:86400000000,validity:86400.000000,patch:43200.000000] (../lib/sbi/nnrf-handler.c:874)
11/18 01:17:02.418: [sbi] INFO: Setup NF EndPoint(fqdn) [nrf.open5gs.org:80] (../lib/sbi/nnrf-handler.c:955)
11/18 01:17:02.418: [sbi] INFO: [49c3bbb4-c41c-41f0-815f-9323071c0d25] Subscription created until 2025-11-19T01:17:02.417839+00:00 [duration:86400000000,validity:86400.000000,patch:43200.000000] (../lib/sbi/nnrf-handler.c:874)
11/18 01:17:02.419: [sbi] INFO: Setup NF EndPoint(fqdn) [nrf.open5gs.org:80] (../lib/sbi/nnrf-handler.c:955)
11/18 01:17:02.419: [sbi] INFO: [49c3bfc4-c41c-41f0-815f-9323071c0d25] Subscription created until 2025-11-19T01:17:02.417935+00:00 [duration:86400000000,validity:86400.000000,patch:43200.000000] (../lib/sbi/nnrf-handler.c:874)
11/18 01:17:02.419: [sbi] INFO: Setup NF EndPoint(fqdn) [nrf.open5gs.org:80] (../lib/sbi/nnrf-handler.c:955)
11/18 01:17:02.419: [sbi] INFO: [49c3c3fc-c41c-41f0-815f-9323071c0d25] Subscription created until 2025-11-19T01:17:02.418045+00:00 [duration:86400000000,validity:86400.000000,patch:43200.000000] (../lib/sbi/nnrf-handler.c:874)
11/18 01:17:02.419: [sbi] INFO: Setup NF EndPoint(fqdn) [nrf.open5gs.org:80] (../lib/sbi/nnrf-handler.c:955)
11/18 01:17:02.419: [sbi] INFO: [49c3c820-c41c-41f0-815f-9323071c0d25] Subscription created until 2025-11-19T01:17:02.418151+00:00 [duration:86400000000,validity:86400.000000,patch:43200.000000] (../lib/sbi/nnrf-handler.c:874)
11/18 01:17:02.419: [sbi] INFO: Setup NF EndPoint(fqdn) [nrf.open5gs.org:80] (../lib/sbi/nnrf-handler.c:955)
11/18 01:17:02.419: [sbi] INFO: [49c3ccb2-c41c-41f0-815f-9323071c0d25] Subscription created until 2025-11-19T01:17:02.418268+00:00 [duration:86400000000,validity:86400.000000,patch:43200.000000] (../lib/sbi/nnrf-handler.c:874)
11/18 01:17:02.419: [sbi] INFO: Setup NF EndPoint(fqdn) [nrf.open5gs.org:80] (../lib/sbi/nnrf-handler.c:955)
11/18 01:17:02.419: [sbi] INFO: [49c3d6e4-c41c-41f0-815f-9323071c0d25] Subscription created until 2025-11-19T01:17:02.418529+00:00 [duration:86400000000,validity:86400.000000,patch:43200.000000] (../lib/sbi/nnrf-handler.c:874)
11/18 01:17:02.421: [sbi] INFO: [49ad52d4-c41c-41f0-85be-f171e2283645] (NRF-profile-get) NF registered (../lib/sbi/nf-sm.c:81)
11/18 01:17:02.421: [sbi] INFO: Setup NF EndPoint(fqdn) [nssf.open5gs.org:0] (../lib/sbi/context.c:2374)
11/18 01:17:02.421: [sbi] INFO: Setup NF EndPoint(addr) [10.33.33.7:80] (../lib/sbi/context.c:2374)
11/18 01:17:02.421: [sbi] INFO: Setup NF EndPoint(fqdn) [nssf.open5gs.org:0] (../lib/sbi/context.c:2113)
11/18 01:17:02.421: [sbi] INFO: Setup NF EndPoint(addr) [10.33.33.7:80] (../lib/sbi/context.c:2113)
11/18 01:17:02.422: [sbi] INFO: [49b8a0da-c41c-41f0-b64d-1f86b735c0be] (NRF-profile-get) NF registered (../lib/sbi/nf-sm.c:81)
11/18 01:17:02.422: [sbi] INFO: Setup NF EndPoint(fqdn) [udm.open5gs.org:0] (../lib/sbi/context.c:2374)
11/18 01:17:02.422: [sbi] INFO: Setup NF EndPoint(addr) [10.33.33.9:80] (../lib/sbi/context.c:2374)
11/18 01:17:02.422: [sbi] INFO: Setup NF EndPoint(fqdn) [udm.open5gs.org:0] (../lib/sbi/context.c:2113)
11/18 01:17:02.422: [sbi] INFO: Setup NF EndPoint(addr) [10.33.33.9:80] (../lib/sbi/context.c:2113)
11/18 01:17:02.422: [sbi] INFO: Setup NF EndPoint(fqdn) [udm.open5gs.org:0] (../lib/sbi/context.c:2113)
11/18 01:17:02.422: [sbi] INFO: Setup NF EndPoint(addr) [10.33.33.9:80] (../lib/sbi/context.c:2113)
11/18 01:17:02.422: [sbi] INFO: Setup NF EndPoint(fqdn) [udm.open5gs.org:0] (../lib/sbi/context.c:2113)
11/18 01:17:02.422: [sbi] INFO: Setup NF EndPoint(addr) [10.33.33.9:80] (../lib/sbi/context.c:2113)
11/18 01:17:02.479: [sbi] INFO: [49cc4298-c41c-41f0-8386-0f3a99970be4] (NRF-notify) NF registered (../lib/sbi/nnrf-handler.c:1140)
11/18 01:17:02.479: [sbi] INFO: [49cc4298-c41c-41f0-8386-0f3a99970be4] (NRF-notify) NF Profile updated [type:AUSF] (../lib/sbi/nnrf-handler.c:1154)
11/18 01:17:02.479: [sbi] INFO: Setup NF EndPoint(fqdn) [ausf.open5gs.org:0] (../lib/sbi/context.c:2374)
11/18 01:17:02.479: [sbi] INFO: Setup NF EndPoint(addr) [10.33.33.13:80] (../lib/sbi/context.c:2374)
11/18 01:17:02.479: [sbi] INFO: Setup NF EndPoint(fqdn) [ausf.open5gs.org:0] (../lib/sbi/context.c:2113)
11/18 01:17:02.479: [sbi] INFO: Setup NF EndPoint(addr) [10.33.33.13:80] (../lib/sbi/context.c:2113)
11/18 01:17:02.555: [sbi] INFO: [49d6630e-c41c-41f0-aa69-4f53beff59a3] (NRF-notify) NF registered (../lib/sbi/nnrf-handler.c:1140)
11/18 01:17:02.555: [sbi] INFO: [49d6630e-c41c-41f0-aa69-4f53beff59a3] (NRF-notify) NF Profile updated [type:SMF] (../lib/sbi/nnrf-handler.c:1154)
11/18 01:17:02.555: [sbi] INFO: Setup NF EndPoint(fqdn) [smf.open5gs.org:0] (../lib/sbi/context.c:2374)
11/18 01:17:02.555: [sbi] INFO: Setup NF EndPoint(addr) [10.33.33.12:80] (../lib/sbi/context.c:2374)
11/18 01:17:02.555: [sbi] INFO: Setup NF EndPoint(fqdn) [smf.open5gs.org:0] (../lib/sbi/context.c:2113)
11/18 01:17:02.555: [sbi] INFO: Setup NF EndPoint(addr) [10.33.33.12:80] (../lib/sbi/context.c:2113)
11/18 01:17:02.760: [sbi] INFO: [49f6d440-c41c-41f0-8cc4-935540d91935] (NRF-notify) NF registered (../lib/sbi/nnrf-handler.c:1140)
11/18 01:17:02.760: [sbi] INFO: [49f6d440-c41c-41f0-8cc4-935540d91935] (NRF-notify) NF Profile updated [type:PCF] (../lib/sbi/nnrf-handler.c:1154)
11/18 01:17:02.761: [sbi] INFO: Setup NF EndPoint(fqdn) [pcf.open5gs.org:0] (../lib/sbi/context.c:2374)
11/18 01:17:02.761: [sbi] INFO: Setup NF EndPoint(addr) [10.33.33.8:80] (../lib/sbi/context.c:2374)
11/18 01:17:02.761: [sbi] INFO: Setup NF EndPoint(fqdn) [pcf.open5gs.org:0] (../lib/sbi/context.c:2113)
11/18 01:17:02.761: [sbi] INFO: Setup NF EndPoint(addr) [10.33.33.8:80] (../lib/sbi/context.c:2113)
11/18 01:17:02.778: [amf] INFO: gNB-N2 accepted[10.33.33.14]:44210 in ng-path module (../src/amf/ngap-sctp.c:113)
11/18 01:17:02.778: [amf] INFO: gNB-N2 accepted[10.33.33.14] in master_sm module (../src/amf/amf-sm.c:894)
11/18 01:17:02.787: [amf] INFO: [Added] Number of gNBs is now 1 (../src/amf/context.c:1277)
11/18 01:17:02.788: [amf] INFO: gNB-N2[10.33.33.14] max_num_of_ostreams : 10 (../src/amf/amf-sm.c:941)
11/18 01:17:03.099: [amf] INFO: InitialUEMessage (../src/amf/ngap-handler.c:437)
11/18 01:17:03.099: [amf] INFO: [Added] Number of gNB-UEs is now 1 (../src/amf/context.c:2789)
11/18 01:17:03.099: [amf] INFO:     RAN_UE_NGAP_ID[1] AMF_UE_NGAP_ID[1] TAC[1] CellID[0x10] (../src/amf/ngap-handler.c:598)
11/18 01:17:03.099: [amf] INFO: [suci-0-001-01-0000-0-0-1234567893] Unknown UE by SUCI (../src/amf/context.c:1906)
11/18 01:17:03.099: [amf] INFO: [Added] Number of AMF-UEs is now 1 (../src/amf/context.c:1682)
11/18 01:17:03.099: [gmm] INFO: Registration request (../src/amf/gmm-sm.c:1339)
11/18 01:17:03.099: [gmm] INFO: [suci-0-001-01-0000-0-0-1234567893]    SUCI (../src/amf/gmm-handler.c:183)
11/18 01:17:03.099: [sbi] INFO: [49cc4298-c41c-41f0-8386-0f3a99970be4] Setup NF Instance [type:AUSF] (../lib/sbi/path.c:307)
11/18 01:17:03.102: [gmm] WARNING: [suci-0-001-01-0000-0-0-1234567893] Cannot find SUCI [404] (../src/amf/gmm-sm.c:1930)
11/18 01:17:03.102: [amf] WARNING: [suci-0-001-01-0000-0-0-1234567893] Registration reject [7] (../src/amf/nas-path.c:213)
11/18 01:17:03.102: [gmm] WARNING: [(null)] Failure in transaction; no context restoration. (../src/amf/gmm-sm.c:1941)
11/18 01:17:03.102: [amf] INFO: UE Context Release [Action:3] (../src/amf/ngap-handler.c:1733)
11/18 01:17:03.102: [amf] INFO:     RAN_UE_NGAP_ID[1] AMF_UE_NGAP_ID[1] (../src/amf/ngap-handler.c:1734)
11/18 01:17:03.102: [amf] INFO:     SUCI[suci-0-001-01-0000-0-0-1234567893] (../src/amf/ngap-handler.c:1738)
11/18 01:17:03.102: [amf] INFO: [Removed] Number of gNB-UEs is now 0 (../src/amf/context.c:2796)
11/18 01:17:03.102: [amf] INFO: [Removed] Number of AMF-UEs is now 0 (../src/amf/context.c:1780)
11/18 01:17:03.305: [amf] INFO: InitialUEMessage (../src/amf/ngap-handler.c:437)
11/18 01:17:03.305: [amf] INFO: [Added] Number of gNB-UEs is now 1 (../src/amf/context.c:2789)
11/18 01:17:03.305: [amf] INFO:     RAN_UE_NGAP_ID[2] AMF_UE_NGAP_ID[2] TAC[1] CellID[0x10] (../src/amf/ngap-handler.c:598)
11/18 01:17:03.305: [amf] INFO: [suci-0-001-01-0000-0-0-1234567891] Unknown UE by SUCI (../src/amf/context.c:1906)
11/18 01:17:03.305: [amf] INFO: [Added] Number of AMF-UEs is now 1 (../src/amf/context.c:1682)
11/18 01:17:03.305: [gmm] INFO: Registration request (../src/amf/gmm-sm.c:1339)
11/18 01:17:03.305: [gmm] INFO: [suci-0-001-01-0000-0-0-1234567891]    SUCI (../src/amf/gmm-handler.c:183)
11/18 01:17:03.306: [sbi] INFO: [49cc4298-c41c-41f0-8386-0f3a99970be4] Setup NF Instance [type:AUSF] (../lib/sbi/path.c:307)
11/18 01:17:03.306: [amf] INFO: InitialUEMessage (../src/amf/ngap-handler.c:437)
11/18 01:17:03.306: [amf] INFO: [Added] Number of gNB-UEs is now 2 (../src/amf/context.c:2789)
11/18 01:17:03.306: [amf] INFO:     RAN_UE_NGAP_ID[3] AMF_UE_NGAP_ID[3] TAC[1] CellID[0x10] (../src/amf/ngap-handler.c:598)
11/18 01:17:03.306: [amf] INFO: [suci-0-001-01-0000-0-0-1234567892] Unknown UE by SUCI (../src/amf/context.c:1906)
11/18 01:17:03.306: [amf] INFO: [Added] Number of AMF-UEs is now 2 (../src/amf/context.c:1682)
11/18 01:17:03.306: [gmm] INFO: Registration request (../src/amf/gmm-sm.c:1339)
11/18 01:17:03.306: [gmm] INFO: [suci-0-001-01-0000-0-0-1234567892]    SUCI (../src/amf/gmm-handler.c:183)
11/18 01:17:03.306: [sbi] INFO: [49cc4298-c41c-41f0-8386-0f3a99970be4] Setup NF Instance [type:AUSF] (../lib/sbi/path.c:307)
11/18 01:17:03.310: [gmm] WARNING: [suci-0-001-01-0000-0-0-1234567891] Cannot find SUCI [404] (../src/amf/gmm-sm.c:1930)
11/18 01:17:03.310: [amf] WARNING: [suci-0-001-01-0000-0-0-1234567891] Registration reject [7] (../src/amf/nas-path.c:213)
11/18 01:17:03.310: [gmm] WARNING: [(null)] Failure in transaction; no context restoration. (../src/amf/gmm-sm.c:1941)
11/18 01:17:03.310: [gmm] WARNING: [suci-0-001-01-0000-0-0-1234567892] Cannot find SUCI [404] (../src/amf/gmm-sm.c:1930)
11/18 01:17:03.310: [amf] WARNING: [suci-0-001-01-0000-0-0-1234567892] Registration reject [7] (../src/amf/nas-path.c:213)
11/18 01:17:03.310: [gmm] WARNING: [(null)] Failure in transaction; no context restoration. (../src/amf/gmm-sm.c:1941)
11/18 01:17:03.311: [amf] INFO: UE Context Release [Action:3] (../src/amf/ngap-handler.c:1733)
11/18 01:17:03.311: [amf] INFO:     RAN_UE_NGAP_ID[2] AMF_UE_NGAP_ID[2] (../src/amf/ngap-handler.c:1734)
11/18 01:17:03.311: [amf] INFO:     SUCI[suci-0-001-01-0000-0-0-1234567891] (../src/amf/ngap-handler.c:1738)
11/18 01:17:03.311: [amf] INFO: [Removed] Number of gNB-UEs is now 1 (../src/amf/context.c:2796)
11/18 01:17:03.311: [amf] INFO: [Removed] Number of AMF-UEs is now 1 (../src/amf/context.c:1780)
11/18 01:17:03.512: [amf] INFO: UE Context Release [Action:3] (../src/amf/ngap-handler.c:1733)
11/18 01:17:03.512: [amf] INFO:     RAN_UE_NGAP_ID[3] AMF_UE_NGAP_ID[3] (../src/amf/ngap-handler.c:1734)
11/18 01:17:03.512: [amf] INFO:     SUCI[suci-0-001-01-0000-0-0-1234567892] (../src/amf/ngap-handler.c:1738)
11/18 01:17:03.512: [amf] INFO: [Removed] Number of gNB-UEs is now 0 (../src/amf/context.c:2796)
11/18 01:17:03.512: [amf] INFO: [Removed] Number of AMF-UEs is now 0 (../src/amf/context.c:1780)
11/18 02:32:37.784: [amf] INFO: gNB-N2[10.33.33.14] connection refused!!! (../src/amf/amf-sm.c:954)
11/18 02:32:37.784: [amf] INFO: [Removed] Number of gNBs is now 0 (../src/amf/context.c:1305)
11/18 02:32:43.364: [sbi] WARNING: Couldn't resolve host name (6): Could not resolve host: nrf.open5gs.org (../lib/sbi/client.c:757)
11/18 02:32:43.364: [sbi] WARNING: ogs_sbi_client_handler() failed [-1] (../lib/sbi/path.c:62)
11/18 02:32:44.172: [sbi] ERROR: [49c257b0-c41c-41f0-96b3-6be3ad303567] No heartbeat [type:AMF] (../lib/sbi/nf-sm.c:431)
11/18 02:32:44.172: [sbi] INFO: [49c257b0-c41c-41f0-96b3-6be3ad303567] NF de-registered (../lib/sbi/nf-sm.c:324)
11/18 02:32:44.184: [sbi] WARNING: Couldn't resolve host name (6): Could not resolve host: nrf.open5gs.org (../lib/sbi/client.c:757)
11/18 02:32:44.184: [sbi] WARNING: ogs_sbi_client_handler() failed [-1] (../lib/sbi/path.c:62)
Open5GS daemon v2.7.6

11/18 02:39:26.648: [app] INFO: Configuration: '/etc/open5gs/custom/amf.yaml' (../lib/app/ogs-init.c:144)
11/18 02:39:26.648: [app] INFO: File Logging: '/var/log/open5gs/amf.log' (../lib/app/ogs-init.c:147)
11/18 02:39:26.651: [sbi] INFO: Setup NF EndPoint(fqdn) [nrf.open5gs.org:80] (../lib/sbi/context.c:459)
11/18 02:39:26.651: [metrics] INFO: metrics_server() [http://amf.open5gs.org]:9090 (../lib/metrics/prometheus/context.c:297)
11/18 02:39:26.651: [sbi] INFO: NF Service [namf-comm] (../lib/sbi/context.c:1994)
11/18 02:39:26.652: [sbi] INFO: nghttp2_server() [http://amf.open5gs.org]:80 (../lib/sbi/nghttp2-server.c:434)
11/18 02:39:26.652: [amf] INFO: ngap_server() [10.33.33.7]:38412 (../src/amf/ngap-sctp.c:61)
11/18 02:39:26.652: [sctp] INFO: AMF initialize...done (../src/amf/app.c:33)
11/18 02:39:26.653: [sbi] INFO: [ccc1afc0-c427-41f0-b8a5-a5505c26a590] NF registered [Heartbeat:10s] (../lib/sbi/nf-sm.c:295)
11/18 02:39:26.654: [sbi] INFO: Setup NF EndPoint(fqdn) [nrf.open5gs.org:80] (../lib/sbi/nnrf-handler.c:955)
11/18 02:39:26.654: [sbi] INFO: [ccc25074-c427-41f0-b946-3701e9ee361b] Subscription created until 2025-11-19T02:39:26.654106+00:00 [duration:86400000000,validity:86400.000000,patch:43200.000000] (../lib/sbi/nnrf-handler.c:874)
11/18 02:39:26.655: [sbi] INFO: Setup NF EndPoint(fqdn) [nrf.open5gs.org:80] (../lib/sbi/nnrf-handler.c:955)
11/18 02:39:26.655: [sbi] INFO: [ccc25844-c427-41f0-b946-3701e9ee361b] Subscription created until 2025-11-19T02:39:26.654315+00:00 [duration:86400000000,validity:86400.000000,patch:43200.000000] (../lib/sbi/nnrf-handler.c:874)
11/18 02:39:26.655: [sbi] INFO: Setup NF EndPoint(fqdn) [nrf.open5gs.org:80] (../lib/sbi/nnrf-handler.c:955)
11/18 02:39:26.655: [sbi] INFO: [ccc25c4a-c427-41f0-b946-3701e9ee361b] Subscription created until 2025-11-19T02:39:26.654386+00:00 [duration:86400000000,validity:86400.000000,patch:43200.000000] (../lib/sbi/nnrf-handler.c:874)
11/18 02:39:26.655: [sbi] INFO: Setup NF EndPoint(fqdn) [nrf.open5gs.org:80] (../lib/sbi/nnrf-handler.c:955)
11/18 02:39:26.655: [sbi] INFO: [ccc26474-c427-41f0-b946-3701e9ee361b] Subscription created until 2025-11-19T02:39:26.654602+00:00 [duration:86400000000,validity:86400.000000,patch:43200.000000] (../lib/sbi/nnrf-handler.c:874)
11/18 02:39:26.655: [sbi] INFO: Setup NF EndPoint(fqdn) [nrf.open5gs.org:80] (../lib/sbi/nnrf-handler.c:955)
11/18 02:39:26.655: [sbi] INFO: [ccc266fe-c427-41f0-b946-3701e9ee361b] Subscription created until 2025-11-19T02:39:26.654662+00:00 [duration:86400000000,validity:86400.000000,patch:43200.000000] (../lib/sbi/nnrf-handler.c:874)
11/18 02:39:26.655: [sbi] INFO: Setup NF EndPoint(fqdn) [nrf.open5gs.org:80] (../lib/sbi/nnrf-handler.c:955)
11/18 02:39:26.655: [sbi] INFO: [ccc269f6-c427-41f0-b946-3701e9ee361b] Subscription created until 2025-11-19T02:39:26.654738+00:00 [duration:86400000000,validity:86400.000000,patch:43200.000000] (../lib/sbi/nnrf-handler.c:874)
11/18 02:39:26.655: [sbi] INFO: Setup NF EndPoint(fqdn) [nrf.open5gs.org:80] (../lib/sbi/nnrf-handler.c:955)
11/18 02:39:26.655: [sbi] INFO: [ccc26cda-c427-41f0-b946-3701e9ee361b] Subscription created until 2025-11-19T02:39:26.654812+00:00 [duration:86400000000,validity:86400.000000,patch:43200.000000] (../lib/sbi/nnrf-handler.c:874)
11/18 02:39:26.656: [sbi] INFO: [ccbe6e00-c427-41f0-b8f0-9535c71eb36e] (NRF-profile-get) NF registered (../lib/sbi/nf-sm.c:81)
11/18 02:39:26.656: [sbi] INFO: Setup NF EndPoint(fqdn) [nssf.open5gs.org:0] (../lib/sbi/context.c:2374)
11/18 02:39:26.656: [sbi] INFO: Setup NF EndPoint(addr) [10.33.33.5:80] (../lib/sbi/context.c:2374)
11/18 02:39:26.656: [sbi] INFO: Setup NF EndPoint(fqdn) [nssf.open5gs.org:0] (../lib/sbi/context.c:2113)
11/18 02:39:26.656: [sbi] INFO: Setup NF EndPoint(addr) [10.33.33.5:80] (../lib/sbi/context.c:2113)
11/18 02:39:26.656: [sbi] INFO: [ccbf848e-c427-41f0-b13c-8dba8d522131] (NRF-profile-get) NF registered (../lib/sbi/nf-sm.c:81)
11/18 02:39:26.656: [sbi] INFO: Setup NF EndPoint(fqdn) [udm.open5gs.org:0] (../lib/sbi/context.c:2374)
11/18 02:39:26.656: [sbi] INFO: Setup NF EndPoint(addr) [10.33.33.6:80] (../lib/sbi/context.c:2374)
11/18 02:39:26.656: [sbi] INFO: Setup NF EndPoint(fqdn) [udm.open5gs.org:0] (../lib/sbi/context.c:2113)
11/18 02:39:26.656: [sbi] INFO: Setup NF EndPoint(addr) [10.33.33.6:80] (../lib/sbi/context.c:2113)
11/18 02:39:26.656: [sbi] INFO: Setup NF EndPoint(fqdn) [udm.open5gs.org:0] (../lib/sbi/context.c:2113)
11/18 02:39:26.656: [sbi] INFO: Setup NF EndPoint(addr) [10.33.33.6:80] (../lib/sbi/context.c:2113)
11/18 02:39:26.656: [sbi] INFO: Setup NF EndPoint(fqdn) [udm.open5gs.org:0] (../lib/sbi/context.c:2113)
11/18 02:39:26.656: [sbi] INFO: Setup NF EndPoint(addr) [10.33.33.6:80] (../lib/sbi/context.c:2113)
11/18 02:39:26.665: [sbi] INFO: [ccc3bb4e-c427-41f0-88c1-05c8b9f1b4ef] (NRF-notify) NF registered (../lib/sbi/nnrf-handler.c:1140)
11/18 02:39:26.665: [sbi] INFO: [ccc3bb4e-c427-41f0-88c1-05c8b9f1b4ef] (NRF-notify) NF Profile updated [type:AUSF] (../lib/sbi/nnrf-handler.c:1154)
11/18 02:39:26.665: [sbi] INFO: Setup NF EndPoint(fqdn) [ausf.open5gs.org:0] (../lib/sbi/context.c:2374)
11/18 02:39:26.665: [sbi] INFO: Setup NF EndPoint(addr) [10.33.33.9:80] (../lib/sbi/context.c:2374)
11/18 02:39:26.665: [sbi] INFO: Setup NF EndPoint(fqdn) [ausf.open5gs.org:0] (../lib/sbi/context.c:2113)
11/18 02:39:26.665: [sbi] INFO: Setup NF EndPoint(addr) [10.33.33.9:80] (../lib/sbi/context.c:2113)
11/18 02:39:26.770: [sbi] INFO: [ccd2b9c8-c427-41f0-b411-e5311c488410] (NRF-notify) NF registered (../lib/sbi/nnrf-handler.c:1140)
11/18 02:39:26.770: [sbi] INFO: [ccd2b9c8-c427-41f0-b411-e5311c488410] (NRF-notify) NF Profile updated [type:SMF] (../lib/sbi/nnrf-handler.c:1154)
11/18 02:39:26.770: [sbi] INFO: Setup NF EndPoint(fqdn) [smf.open5gs.org:0] (../lib/sbi/context.c:2374)
11/18 02:39:26.770: [sbi] INFO: Setup NF EndPoint(addr) [10.33.33.13:80] (../lib/sbi/context.c:2374)
11/18 02:39:26.770: [sbi] INFO: Setup NF EndPoint(fqdn) [smf.open5gs.org:0] (../lib/sbi/context.c:2113)
11/18 02:39:26.770: [sbi] INFO: Setup NF EndPoint(addr) [10.33.33.13:80] (../lib/sbi/context.c:2113)
11/18 02:39:26.950: [amf] INFO: gNB-N2 accepted[10.33.33.10]:46196 in ng-path module (../src/amf/ngap-sctp.c:113)
11/18 02:39:26.950: [amf] INFO: gNB-N2 accepted[10.33.33.10] in master_sm module (../src/amf/amf-sm.c:894)
11/18 02:39:26.960: [amf] INFO: [Added] Number of gNBs is now 1 (../src/amf/context.c:1277)
11/18 02:39:26.960: [amf] INFO: gNB-N2[10.33.33.10] max_num_of_ostreams : 10 (../src/amf/amf-sm.c:941)
11/18 02:39:27.057: [sbi] INFO: [ccfea998-c427-41f0-946b-e5e3b1be36bb] (NRF-notify) NF registered (../lib/sbi/nnrf-handler.c:1140)
11/18 02:39:27.057: [sbi] INFO: [ccfea998-c427-41f0-946b-e5e3b1be36bb] (NRF-notify) NF Profile updated [type:PCF] (../lib/sbi/nnrf-handler.c:1154)
11/18 02:39:27.057: [sbi] INFO: Setup NF EndPoint(fqdn) [pcf.open5gs.org:0] (../lib/sbi/context.c:2374)
11/18 02:39:27.057: [sbi] INFO: Setup NF EndPoint(addr) [10.33.33.14:80] (../lib/sbi/context.c:2374)
11/18 02:39:27.057: [sbi] INFO: Setup NF EndPoint(fqdn) [pcf.open5gs.org:0] (../lib/sbi/context.c:2113)
11/18 02:39:27.057: [sbi] INFO: Setup NF EndPoint(addr) [10.33.33.14:80] (../lib/sbi/context.c:2113)
11/18 02:54:21.753: [amf] INFO: gNB-N2[10.33.33.10] connection refused!!! (../src/amf/amf-sm.c:954)
11/18 02:54:21.753: [amf] INFO: [Removed] Number of gNBs is now 0 (../src/amf/context.c:1305)
11/18 02:54:27.429: [sbi] WARNING: Couldn't resolve host name (6): Could not resolve host: nrf.open5gs.org (../lib/sbi/client.c:757)
11/18 02:54:27.429: [sbi] WARNING: ogs_sbi_client_handler() failed [-1] (../lib/sbi/path.c:62)
11/18 02:54:28.264: [sbi] ERROR: [ccc1afc0-c427-41f0-b8a5-a5505c26a590] No heartbeat [type:AMF] (../lib/sbi/nf-sm.c:431)
11/18 02:54:28.264: [sbi] INFO: [ccc1afc0-c427-41f0-b8a5-a5505c26a590] NF de-registered (../lib/sbi/nf-sm.c:324)
11/18 02:54:28.273: [sbi] WARNING: Couldn't resolve host name (6): Could not resolve host: nrf.open5gs.org (../lib/sbi/client.c:757)
11/18 02:54:28.273: [sbi] WARNING: ogs_sbi_client_handler() failed [-1] (../lib/sbi/path.c:62)
Open5GS daemon v2.7.6

11/18 02:59:34.374: [app] INFO: Configuration: '/etc/open5gs/custom/amf.yaml' (../lib/app/ogs-init.c:144)
11/18 02:59:34.374: [app] INFO: File Logging: '/var/log/open5gs/amf.log' (../lib/app/ogs-init.c:147)
11/18 02:59:34.380: [sbi] INFO: Setup NF EndPoint(fqdn) [nrf.open5gs.org:80] (../lib/sbi/context.c:459)
11/18 02:59:34.381: [metrics] INFO: metrics_server() [http://amf.open5gs.org]:9090 (../lib/metrics/prometheus/context.c:297)
11/18 02:59:34.381: [sbi] INFO: NF Service [namf-comm] (../lib/sbi/context.c:1994)
11/18 02:59:34.381: [sbi] INFO: nghttp2_server() [http://amf.open5gs.org]:80 (../lib/sbi/nghttp2-server.c:434)
11/18 02:59:34.381: [amf] INFO: ngap_server() [10.33.33.9]:38412 (../src/amf/ngap-sctp.c:61)
11/18 02:59:34.382: [sctp] INFO: AMF initialize...done (../src/amf/app.c:33)
11/18 02:59:34.384: [sbi] INFO: [9c9e4f9e-c42a-41f0-b954-25b9f1de7d40] NF registered [Heartbeat:10s] (../lib/sbi/nf-sm.c:295)
11/18 02:59:34.385: [sbi] INFO: Setup NF EndPoint(fqdn) [nrf.open5gs.org:80] (../lib/sbi/nnrf-handler.c:955)
11/18 02:59:34.385: [sbi] INFO: [9c9f6bea-c42a-41f0-b559-85cba5eb9cae] Subscription created until 2025-11-19T02:59:34.385034+00:00 [duration:86400000000,validity:86400.000000,patch:43200.000000] (../lib/sbi/nnrf-handler.c:874)
11/18 02:59:34.386: [sbi] INFO: Setup NF EndPoint(fqdn) [nrf.open5gs.org:80] (../lib/sbi/nnrf-handler.c:955)
11/18 02:59:34.386: [sbi] INFO: [9c9f77c0-c42a-41f0-b559-85cba5eb9cae] Subscription created until 2025-11-19T02:59:34.385276+00:00 [duration:86400000000,validity:86400.000000,patch:43200.000000] (../lib/sbi/nnrf-handler.c:874)
11/18 02:59:34.386: [sbi] INFO: Setup NF EndPoint(fqdn) [nrf.open5gs.org:80] (../lib/sbi/nnrf-handler.c:955)
11/18 02:59:34.386: [sbi] INFO: [9c9f7b3a-c42a-41f0-b559-85cba5eb9cae] Subscription created until 2025-11-19T02:59:34.385355+00:00 [duration:86400000000,validity:86400.000000,patch:43200.000000] (../lib/sbi/nnrf-handler.c:874)
11/18 02:59:34.386: [sbi] INFO: Setup NF EndPoint(fqdn) [nrf.open5gs.org:80] (../lib/sbi/nnrf-handler.c:955)
11/18 02:59:34.386: [sbi] INFO: [9c9f7f86-c42a-41f0-b559-85cba5eb9cae] Subscription created until 2025-11-19T02:59:34.385466+00:00 [duration:86400000000,validity:86400.000000,patch:43200.000000] (../lib/sbi/nnrf-handler.c:874)
11/18 02:59:34.386: [sbi] INFO: Setup NF EndPoint(fqdn) [nrf.open5gs.org:80] (../lib/sbi/nnrf-handler.c:955)
11/18 02:59:34.386: [sbi] INFO: [9c9f89d6-c42a-41f0-b559-85cba5eb9cae] Subscription created until 2025-11-19T02:59:34.385731+00:00 [duration:86400000000,validity:86400.000000,patch:43200.000000] (../lib/sbi/nnrf-handler.c:874)
11/18 02:59:34.386: [sbi] INFO: Setup NF EndPoint(fqdn) [nrf.open5gs.org:80] (../lib/sbi/nnrf-handler.c:955)
11/18 02:59:34.386: [sbi] INFO: [9c9f8c88-c42a-41f0-b559-85cba5eb9cae] Subscription created until 2025-11-19T02:59:34.385799+00:00 [duration:86400000000,validity:86400.000000,patch:43200.000000] (../lib/sbi/nnrf-handler.c:874)
11/18 02:59:34.386: [sbi] INFO: Setup NF EndPoint(fqdn) [nrf.open5gs.org:80] (../lib/sbi/nnrf-handler.c:955)
11/18 02:59:34.386: [sbi] INFO: [9c9f8f12-c42a-41f0-b559-85cba5eb9cae] Subscription created until 2025-11-19T02:59:34.385863+00:00 [duration:86400000000,validity:86400.000000,patch:43200.000000] (../lib/sbi/nnrf-handler.c:874)
11/18 02:59:34.387: [sbi] INFO: [9c8c31b0-c42a-41f0-bf80-bde12ebfd704] (NRF-profile-get) NF registered (../lib/sbi/nf-sm.c:81)
11/18 02:59:34.387: [sbi] INFO: Setup NF EndPoint(fqdn) [ausf.open5gs.org:0] (../lib/sbi/context.c:2374)
11/18 02:59:34.387: [sbi] INFO: Setup NF EndPoint(addr) [10.33.33.6:80] (../lib/sbi/context.c:2374)
11/18 02:59:34.387: [sbi] INFO: Setup NF EndPoint(fqdn) [ausf.open5gs.org:0] (../lib/sbi/context.c:2113)
11/18 02:59:34.387: [sbi] INFO: Setup NF EndPoint(addr) [10.33.33.6:80] (../lib/sbi/context.c:2113)
11/18 02:59:34.388: [sbi] INFO: [9c939338-c42a-41f0-9b89-bb5c69f118d5] (NRF-profile-get) NF registered (../lib/sbi/nf-sm.c:81)
11/18 02:59:34.388: [sbi] INFO: Setup NF EndPoint(fqdn) [nssf.open5gs.org:0] (../lib/sbi/context.c:2374)
11/18 02:59:34.388: [sbi] INFO: Setup NF EndPoint(addr) [10.33.33.8:80] (../lib/sbi/context.c:2374)
11/18 02:59:34.388: [sbi] INFO: Setup NF EndPoint(fqdn) [nssf.open5gs.org:0] (../lib/sbi/context.c:2113)
11/18 02:59:34.388: [sbi] INFO: Setup NF EndPoint(addr) [10.33.33.8:80] (../lib/sbi/context.c:2113)
11/18 02:59:34.410: [sbi] INFO: [9ca2722c-c42a-41f0-9786-5527a342f2f6] (NRF-notify) NF registered (../lib/sbi/nnrf-handler.c:1140)
11/18 02:59:34.410: [sbi] INFO: [9ca2722c-c42a-41f0-9786-5527a342f2f6] (NRF-notify) NF Profile updated [type:UDM] (../lib/sbi/nnrf-handler.c:1154)
11/18 02:59:34.410: [sbi] INFO: Setup NF EndPoint(fqdn) [udm.open5gs.org:0] (../lib/sbi/context.c:2374)
11/18 02:59:34.410: [sbi] INFO: Setup NF EndPoint(addr) [10.33.33.11:80] (../lib/sbi/context.c:2374)
11/18 02:59:34.410: [sbi] INFO: Setup NF EndPoint(fqdn) [udm.open5gs.org:0] (../lib/sbi/context.c:2113)
11/18 02:59:34.410: [sbi] INFO: Setup NF EndPoint(addr) [10.33.33.11:80] (../lib/sbi/context.c:2113)
11/18 02:59:34.411: [sbi] WARNING: [9ca2722c-c42a-41f0-9786-5527a342f2f6] (NRF-notify) NF has already been added [type:UDM] (../lib/sbi/nnrf-handler.c:1142)
11/18 02:59:34.411: [sbi] INFO: [9ca2722c-c42a-41f0-9786-5527a342f2f6] (NRF-notify) NF Profile updated [type:UDM] (../lib/sbi/nnrf-handler.c:1154)
11/18 02:59:34.411: [sbi] WARNING: UnRef NF EndPoint(fqdn) [udm.open5gs.org:0] (../lib/sbi/context.c:2374)
11/18 02:59:34.411: [sbi] WARNING: UnRef NF EndPoint(addr) [10.33.33.11:80] (../lib/sbi/context.c:2374)
11/18 02:59:34.411: [sbi] INFO: Setup NF EndPoint(fqdn) [udm.open5gs.org:0] (../lib/sbi/context.c:2374)
11/18 02:59:34.411: [sbi] INFO: Setup NF EndPoint(addr) [10.33.33.11:80] (../lib/sbi/context.c:2374)
11/18 02:59:34.411: [sbi] WARNING: UnRef NF EndPoint(fqdn) [udm.open5gs.org:0] (../lib/sbi/context.c:2113)
11/18 02:59:34.411: [sbi] WARNING: UnRef NF EndPoint(addr) [10.33.33.11:80] (../lib/sbi/context.c:2113)
11/18 02:59:34.411: [sbi] INFO: Setup NF EndPoint(fqdn) [udm.open5gs.org:0] (../lib/sbi/context.c:2113)
11/18 02:59:34.411: [sbi] INFO: Setup NF EndPoint(addr) [10.33.33.11:80] (../lib/sbi/context.c:2113)
11/18 02:59:34.411: [sbi] INFO: Setup NF EndPoint(fqdn) [udm.open5gs.org:0] (../lib/sbi/context.c:2113)
11/18 02:59:34.411: [sbi] INFO: Setup NF EndPoint(addr) [10.33.33.11:80] (../lib/sbi/context.c:2113)
11/18 02:59:34.525: [sbi] INFO: [9cb210a6-c42a-41f0-b3c2-c520b0ec7dd4] (NRF-notify) NF registered (../lib/sbi/nnrf-handler.c:1140)
11/18 02:59:34.525: [sbi] INFO: [9cb210a6-c42a-41f0-b3c2-c520b0ec7dd4] (NRF-notify) NF Profile updated [type:SMF] (../lib/sbi/nnrf-handler.c:1154)
11/18 02:59:34.525: [sbi] INFO: Setup NF EndPoint(fqdn) [smf.open5gs.org:0] (../lib/sbi/context.c:2374)
11/18 02:59:34.525: [sbi] INFO: Setup NF EndPoint(addr) [10.33.33.12:80] (../lib/sbi/context.c:2374)
11/18 02:59:34.525: [sbi] INFO: Setup NF EndPoint(fqdn) [smf.open5gs.org:0] (../lib/sbi/context.c:2113)
11/18 02:59:34.525: [sbi] INFO: Setup NF EndPoint(addr) [10.33.33.12:80] (../lib/sbi/context.c:2113)
11/18 02:59:34.858: [sbi] INFO: [9ce68b38-c42a-41f0-a954-73addbc4636e] (NRF-notify) NF registered (../lib/sbi/nnrf-handler.c:1140)
11/18 02:59:34.858: [sbi] INFO: [9ce68b38-c42a-41f0-a954-73addbc4636e] (NRF-notify) NF Profile updated [type:PCF] (../lib/sbi/nnrf-handler.c:1154)
11/18 02:59:34.858: [sbi] INFO: Setup NF EndPoint(fqdn) [pcf.open5gs.org:0] (../lib/sbi/context.c:2374)
11/18 02:59:34.858: [sbi] INFO: Setup NF EndPoint(addr) [10.33.33.14:80] (../lib/sbi/context.c:2374)
11/18 02:59:34.858: [sbi] INFO: Setup NF EndPoint(fqdn) [pcf.open5gs.org:0] (../lib/sbi/context.c:2113)
11/18 02:59:34.858: [sbi] INFO: Setup NF EndPoint(addr) [10.33.33.14:80] (../lib/sbi/context.c:2113)
