Open5GS daemon v2.7.6

11/18 01:17:02.470: [app] INFO: Configuration: '/etc/open5gs/custom/ausf.yaml' (../lib/app/ogs-init.c:144)
11/18 01:17:02.470: [app] INFO: File Logging: '/var/log/open5gs/ausf.log' (../lib/app/ogs-init.c:147)
11/18 01:17:02.474: [sbi] INFO: Setup NF EndPoint(fqdn) [nrf.open5gs.org:80] (../lib/sbi/context.c:459)
11/18 01:17:02.475: [sbi] INFO: NF Service [nausf-auth] (../lib/sbi/context.c:1994)
11/18 01:17:02.475: [sbi] INFO: nghttp2_server() [http://ausf.open5gs.org]:80 (../lib/sbi/nghttp2-server.c:434)
11/18 01:17:02.475: [app] INFO: AUSF initialize...done (../src/ausf/app.c:31)
11/18 01:17:02.478: [sbi] INFO: [49cc4298-c41c-41f0-8386-0f3a99970be4] NF registered [Heartbeat:10s] (../lib/sbi/nf-sm.c:295)
11/18 01:17:02.480: [sbi] INFO: Setup NF EndPoint(fqdn) [nrf.open5gs.org:80] (../lib/sbi/nnrf-handler.c:955)
11/18 01:17:02.480: [sbi] INFO: [49cd24e2-c41c-41f0-815f-9323071c0d25] Subscription created until 2025-11-19T01:17:02.479534+00:00 [duration:86400000000,validity:86400.000000,patch:43200.000000] (../lib/sbi/nnrf-handler.c:874)
11/18 01:17:02.480: [sbi] INFO: Setup NF EndPoint(fqdn) [nrf.open5gs.org:80] (../lib/sbi/nnrf-handler.c:955)
11/18 01:17:02.480: [sbi] INFO: [49cd2c08-c41c-41f0-815f-9323071c0d25] Subscription created until 2025-11-19T01:17:02.479691+00:00 [duration:86400000000,validity:86400.000000,patch:43200.000000] (../lib/sbi/nnrf-handler.c:874)
11/18 01:17:02.482: [sbi] INFO: [49b8a0da-c41c-41f0-b64d-1f86b735c0be] (NRF-profile-get) NF registered (../lib/sbi/nf-sm.c:81)
11/18 01:17:02.482: [sbi] INFO: Setup NF EndPoint(fqdn) [udm.open5gs.org:0] (../lib/sbi/context.c:2374)
11/18 01:17:02.482: [sbi] INFO: Setup NF EndPoint(addr) [10.33.33.9:80] (../lib/sbi/context.c:2374)
11/18 01:17:02.483: [sbi] INFO: Setup NF EndPoint(fqdn) [udm.open5gs.org:0] (../lib/sbi/context.c:2113)
11/18 01:17:02.483: [sbi] INFO: Setup NF EndPoint(addr) [10.33.33.9:80] (../lib/sbi/context.c:2113)
11/18 01:17:02.483: [sbi] INFO: Setup NF EndPoint(fqdn) [udm.open5gs.org:0] (../lib/sbi/context.c:2113)
11/18 01:17:02.483: [sbi] INFO: Setup NF EndPoint(addr) [10.33.33.9:80] (../lib/sbi/context.c:2113)
11/18 01:17:02.483: [sbi] INFO: Setup NF EndPoint(fqdn) [udm.open5gs.org:0] (../lib/sbi/context.c:2113)
11/18 01:17:02.483: [sbi] INFO: Setup NF EndPoint(addr) [10.33.33.9:80] (../lib/sbi/context.c:2113)
11/18 01:17:03.100: [sbi] INFO: [49b8a0da-c41c-41f0-b64d-1f86b735c0be] Setup NF Instance [type:UDM] (../lib/sbi/path.c:307)
11/18 01:17:03.101: [ausf] WARNING: [suci-0-001-01-0000-0-0-1234567893] Cannot find SUPI [404] (../src/ausf/ue-sm.c:174)
11/18 01:17:03.102: [ausf] WARNING: [suci-0-001-01-0000-0-0-1234567893] State machine exception (../src/ausf/ausf-sm.c:375)
11/18 01:17:03.306: [sbi] INFO: [49b8a0da-c41c-41f0-b64d-1f86b735c0be] Setup NF Instance [type:UDM] (../lib/sbi/path.c:307)
11/18 01:17:03.306: [sbi] INFO: [49b8a0da-c41c-41f0-b64d-1f86b735c0be] Setup NF Instance [type:UDM] (../lib/sbi/path.c:307)
11/18 01:17:03.309: [ausf] WARNING: [suci-0-001-01-0000-0-0-1234567891] Cannot find SUPI [404] (../src/ausf/ue-sm.c:174)
11/18 01:17:03.310: [ausf] WARNING: [suci-0-001-01-0000-0-0-1234567891] State machine exception (../src/ausf/ausf-sm.c:375)
11/18 01:17:03.310: [ausf] WARNING: [suci-0-001-01-0000-0-0-1234567892] Cannot find SUPI [404] (../src/ausf/ue-sm.c:174)
11/18 01:17:03.310: [ausf] WARNING: [suci-0-001-01-0000-0-0-1234567892] State machine exception (../src/ausf/ausf-sm.c:375)
11/18 02:32:37.779: [app] INFO: SIGTERM received (../src/main.c:54)
11/18 02:32:37.779: [app] INFO: Open5GS daemon terminating... (../src/main.c:231)
11/18 02:32:37.779: [sbi] INFO: [49cc4298-c41c-41f0-8386-0f3a99970be4] NF de-registered (../lib/sbi/nf-sm.c:324)
11/18 02:32:37.783: [app] INFO: AUSF terminate...done (../src/ausf/app.c:39)
Open5GS daemon v2.7.6

11/18 02:39:26.662: [app] INFO: Configuration: '/etc/open5gs/custom/ausf.yaml' (../lib/app/ogs-init.c:144)
11/18 02:39:26.662: [app] INFO: File Logging: '/var/log/open5gs/ausf.log' (../lib/app/ogs-init.c:147)
11/18 02:39:26.663: [sbi] INFO: Setup NF EndPoint(fqdn) [nrf.open5gs.org:80] (../lib/sbi/context.c:459)
11/18 02:39:26.663: [sbi] INFO: NF Service [nausf-auth] (../lib/sbi/context.c:1994)
11/18 02:39:26.663: [sbi] INFO: nghttp2_server() [http://ausf.open5gs.org]:80 (../lib/sbi/nghttp2-server.c:434)
11/18 02:39:26.663: [app] INFO: AUSF initialize...done (../src/ausf/app.c:31)
11/18 02:39:26.664: [sbi] INFO: [ccc3bb4e-c427-41f0-88c1-05c8b9f1b4ef] NF registered [Heartbeat:10s] (../lib/sbi/nf-sm.c:295)
11/18 02:39:26.665: [sbi] INFO: Setup NF EndPoint(fqdn) [nrf.open5gs.org:80] (../lib/sbi/nnrf-handler.c:955)
11/18 02:39:26.665: [sbi] INFO: [ccc3f8e8-c427-41f0-b946-3701e9ee361b] Subscription created until 2025-11-19T02:39:26.664964+00:00 [duration:86400000000,validity:86400.000000,patch:43200.000000] (../lib/sbi/nnrf-handler.c:874)
11/18 02:39:26.665: [sbi] INFO: Setup NF EndPoint(fqdn) [nrf.open5gs.org:80] (../lib/sbi/nnrf-handler.c:955)
11/18 02:39:26.665: [sbi] INFO: [ccc400ea-c427-41f0-b946-3701e9ee361b] Subscription created until 2025-11-19T02:39:26.665149+00:00 [duration:86400000000,validity:86400.000000,patch:43200.000000] (../lib/sbi/nnrf-handler.c:874)
11/18 02:39:26.665: [sbi] INFO: [ccbf848e-c427-41f0-b13c-8dba8d522131] (NRF-profile-get) NF registered (../lib/sbi/nf-sm.c:81)
11/18 02:39:26.665: [sbi] INFO: Setup NF EndPoint(fqdn) [udm.open5gs.org:0] (../lib/sbi/context.c:2374)
11/18 02:39:26.665: [sbi] INFO: Setup NF EndPoint(addr) [10.33.33.6:80] (../lib/sbi/context.c:2374)
11/18 02:39:26.665: [sbi] INFO: Setup NF EndPoint(fqdn) [udm.open5gs.org:0] (../lib/sbi/context.c:2113)
11/18 02:39:26.665: [sbi] INFO: Setup NF EndPoint(addr) [10.33.33.6:80] (../lib/sbi/context.c:2113)
11/18 02:39:26.665: [sbi] INFO: Setup NF EndPoint(fqdn) [udm.open5gs.org:0] (../lib/sbi/context.c:2113)
11/18 02:39:26.665: [sbi] INFO: Setup NF EndPoint(addr) [10.33.33.6:80] (../lib/sbi/context.c:2113)
11/18 02:39:26.665: [sbi] INFO: Setup NF EndPoint(fqdn) [udm.open5gs.org:0] (../lib/sbi/context.c:2113)
11/18 02:39:26.665: [sbi] INFO: Setup NF EndPoint(addr) [10.33.33.6:80] (../lib/sbi/context.c:2113)
11/18 02:54:21.749: [app] INFO: SIGTERM received (../src/main.c:54)
11/18 02:54:21.749: [app] INFO: Open5GS daemon terminating... (../src/main.c:231)
11/18 02:54:21.749: [sbi] INFO: [ccc3bb4e-c427-41f0-88c1-05c8b9f1b4ef] NF de-registered (../lib/sbi/nf-sm.c:324)
11/18 02:54:21.751: [app] INFO: AUSF terminate...done (../src/ausf/app.c:39)
Open5GS daemon v2.7.6

11/18 02:59:34.255: [app] INFO: Configuration: '/etc/open5gs/custom/ausf.yaml' (../lib/app/ogs-init.c:144)
11/18 02:59:34.255: [app] INFO: File Logging: '/var/log/open5gs/ausf.log' (../lib/app/ogs-init.c:147)
11/18 02:59:34.261: [sbi] INFO: Setup NF EndPoint(fqdn) [nrf.open5gs.org:80] (../lib/sbi/context.c:459)
11/18 02:59:34.261: [sbi] INFO: NF Service [nausf-auth] (../lib/sbi/context.c:1994)
11/18 02:59:34.262: [sbi] INFO: nghttp2_server() [http://ausf.open5gs.org]:80 (../lib/sbi/nghttp2-server.c:434)
11/18 02:59:34.262: [app] INFO: AUSF initialize...done (../src/ausf/app.c:31)
11/18 02:59:34.265: [sbi] INFO: [9c8c31b0-c42a-41f0-bf80-bde12ebfd704] NF registered [Heartbeat:10s] (../lib/sbi/nf-sm.c:295)
11/18 02:59:34.267: [sbi] INFO: Setup NF EndPoint(fqdn) [nrf.open5gs.org:80] (../lib/sbi/nnrf-handler.c:955)
11/18 02:59:34.267: [sbi] INFO: [9c8d5d74-c42a-41f0-b559-85cba5eb9cae] Subscription created until 2025-11-19T02:59:34.266743+00:00 [duration:86400000000,validity:86400.000000,patch:43200.000000] (../lib/sbi/nnrf-handler.c:874)
11/18 02:59:34.268: [sbi] INFO: Setup NF EndPoint(fqdn) [nrf.open5gs.org:80] (../lib/sbi/nnrf-handler.c:955)
11/18 02:59:34.268: [sbi] INFO: [9c8d70fc-c42a-41f0-b559-85cba5eb9cae] Subscription created until 2025-11-19T02:59:34.267171+00:00 [duration:86400000000,validity:86400.000000,patch:43200.000000] (../lib/sbi/nnrf-handler.c:874)
11/18 02:59:34.410: [sbi] INFO: [9ca2722c-c42a-41f0-9786-5527a342f2f6] (NRF-notify) NF registered (../lib/sbi/nnrf-handler.c:1140)
11/18 02:59:34.410: [sbi] INFO: [9ca2722c-c42a-41f0-9786-5527a342f2f6] (NRF-notify) NF Profile updated [type:UDM] (../lib/sbi/nnrf-handler.c:1154)
11/18 02:59:34.411: [sbi] INFO: Setup NF EndPoint(fqdn) [udm.open5gs.org:0] (../lib/sbi/context.c:2374)
11/18 02:59:34.411: [sbi] INFO: Setup NF EndPoint(addr) [10.33.33.11:80] (../lib/sbi/context.c:2374)
11/18 02:59:34.411: [sbi] INFO: Setup NF EndPoint(fqdn) [udm.open5gs.org:0] (../lib/sbi/context.c:2113)
11/18 02:59:34.411: [sbi] INFO: Setup NF EndPoint(addr) [10.33.33.11:80] (../lib/sbi/context.c:2113)
