Open5GS daemon v2.7.6

11/18 01:17:02.385: [app] INFO: Configuration: '/etc/open5gs/custom/bsf.yaml' (../lib/app/ogs-init.c:144)
11/18 01:17:02.385: [app] INFO: File Logging: '/var/log/open5gs/bsf.log' (../lib/app/ogs-init.c:147)
11/18 01:17:02.390: [sbi] INFO: Setup NF EndPoint(fqdn) [nrf.open5gs.org:80] (../lib/sbi/context.c:459)
11/18 01:17:02.390: [sbi] INFO: NF Service [nbsf-management] (../lib/sbi/context.c:1994)
11/18 01:17:02.390: [sbi] INFO: nghttp2_server() [http://bsf.open5gs.org]:80 (../lib/sbi/nghttp2-server.c:434)
11/18 01:17:02.390: [app] INFO: BSF initialize...done (../src/bsf/app.c:31)
11/18 01:17:02.392: [sbi] INFO: [49bf55d8-c41c-41f0-a12f-9585e17685ce] NF registered [Heartbeat:10s] (../lib/sbi/nf-sm.c:295)
11/18 01:17:02.393: [sbi] INFO: Setup NF EndPoint(fqdn) [nrf.open5gs.org:80] (../lib/sbi/nnrf-handler.c:955)
11/18 01:17:02.393: [sbi] INFO: [49bff72c-c41c-41f0-815f-9323071c0d25] Subscription created until 2025-11-19T01:17:02.393159+00:00 [duration:86400000000,validity:86400.000000,patch:43200.000000] (../lib/sbi/nnrf-handler.c:874)
11/18 02:32:37.780: [app] INFO: SIGTERM received (../src/main.c:54)
11/18 02:32:37.780: [app] INFO: Open5GS daemon terminating... (../src/main.c:231)
11/18 02:32:37.780: [sbi] INFO: [49bf55d8-c41c-41f0-a12f-9585e17685ce] NF de-registered (../lib/sbi/nf-sm.c:324)
11/18 02:32:37.783: [app] INFO: BSF terminate...done (../src/bsf/app.c:39)
Open5GS daemon v2.7.6

11/18 02:39:26.653: [app] INFO: Configuration: '/etc/open5gs/custom/bsf.yaml' (../lib/app/ogs-init.c:144)
11/18 02:39:26.653: [app] INFO: File Logging: '/var/log/open5gs/bsf.log' (../lib/app/ogs-init.c:147)
11/18 02:39:26.655: [sbi] INFO: Setup NF EndPoint(fqdn) [nrf.open5gs.org:80] (../lib/sbi/context.c:459)
11/18 02:39:26.655: [sbi] INFO: NF Service [nbsf-management] (../lib/sbi/context.c:1994)
11/18 02:39:26.655: [sbi] INFO: nghttp2_server() [http://bsf.open5gs.org]:80 (../lib/sbi/nghttp2-server.c:434)
11/18 02:39:26.655: [app] INFO: BSF initialize...done (../src/bsf/app.c:31)
11/18 02:39:26.656: [sbi] INFO: [ccc26e4c-c427-41f0-a18b-5db89477965b] NF registered [Heartbeat:10s] (../lib/sbi/nf-sm.c:295)
11/18 02:39:26.657: [sbi] INFO: Setup NF EndPoint(fqdn) [nrf.open5gs.org:80] (../lib/sbi/nnrf-handler.c:955)
11/18 02:39:26.657: [sbi] INFO: [ccc2cd56-c427-41f0-b946-3701e9ee361b] Subscription created until 2025-11-19T02:39:26.657302+00:00 [duration:86400000000,validity:86400.000000,patch:43200.000000] (../lib/sbi/nnrf-handler.c:874)
11/18 02:54:21.749: [app] INFO: SIGTERM received (../src/main.c:54)
11/18 02:54:21.750: [app] INFO: Open5GS daemon terminating... (../src/main.c:231)
11/18 02:54:21.750: [sbi] INFO: [ccc26e4c-c427-41f0-a18b-5db89477965b] NF de-registered (../lib/sbi/nf-sm.c:324)
11/18 02:54:21.752: [app] INFO: BSF terminate...done (../src/bsf/app.c:39)
Open5GS daemon v2.7.6

11/18 02:59:34.287: [app] INFO: Configuration: '/etc/open5gs/custom/bsf.yaml' (../lib/app/ogs-init.c:144)
11/18 02:59:34.287: [app] INFO: File Logging: '/var/log/open5gs/bsf.log' (../lib/app/ogs-init.c:147)
11/18 02:59:34.292: [sbi] INFO: Setup NF EndPoint(fqdn) [nrf.open5gs.org:80] (../lib/sbi/context.c:459)
11/18 02:59:34.292: [sbi] INFO: NF Service [nbsf-management] (../lib/sbi/context.c:1994)
11/18 02:59:34.293: [sbi] INFO: nghttp2_server() [http://bsf.open5gs.org]:80 (../lib/sbi/nghttp2-server.c:434)
11/18 02:59:34.293: [app] INFO: BSF initialize...done (../src/bsf/app.c:31)
11/18 02:59:34.296: [sbi] INFO: [9c91259e-c42a-41f0-8255-c5f606a71738] NF registered [Heartbeat:10s] (../lib/sbi/nf-sm.c:295)
11/18 02:59:34.297: [sbi] INFO: Setup NF EndPoint(fqdn) [nrf.open5gs.org:80] (../lib/sbi/nnrf-handler.c:955)
11/18 02:59:34.297: [sbi] INFO: [9c91f2b2-c42a-41f0-b559-85cba5eb9cae] Subscription created until 2025-11-19T02:59:34.296714+00:00 [duration:86400000000,validity:86400.000000,patch:43200.000000] (../lib/sbi/nnrf-handler.c:874)
