Open5GS daemon v2.7.6

11/18 01:17:02.267: [app] INFO: Configuration: '/etc/open5gs/custom/nssf.yaml' (../lib/app/ogs-init.c:144)
11/18 01:17:02.267: [app] INFO: File Logging: '/var/log/open5gs/nssf.log' (../lib/app/ogs-init.c:147)
11/18 01:17:02.271: [sbi] INFO: Setup NF EndPoint(fqdn) [nrf.open5gs.org:80] (../lib/sbi/context.c:459)
11/18 01:17:02.271: [sbi] INFO: NF Service [nnssf-nsselection] (../lib/sbi/context.c:1994)
11/18 01:17:02.272: [sbi] INFO: nghttp2_server() [http://nssf.open5gs.org]:80 (../lib/sbi/nghttp2-server.c:434)
11/18 01:17:02.272: [app] INFO: NSSF initialize...done (../src/nssf/app.c:31)
11/18 01:17:02.275: [sbi] INFO: [49ad52d4-c41c-41f0-85be-f171e2283645] NF registered [Heartbeat:10s] (../lib/sbi/nf-sm.c:295)
11/18 01:17:02.277: [sbi] INFO: Setup NF EndPoint(fqdn) [nrf.open5gs.org:80] (../lib/sbi/nnrf-handler.c:955)
11/18 01:17:02.277: [sbi] INFO: [49ae308c-c41c-41f0-815f-9323071c0d25] Subscription created until 2025-11-19T01:17:02.276806+00:00 [duration:86400000000,validity:86400.000000,patch:43200.000000] (../lib/sbi/nnrf-handler.c:874)
11/18 02:32:37.783: [app] INFO: SIGTERM received (../src/main.c:54)
11/18 02:32:37.783: [app] INFO: Open5GS daemon terminating... (../src/main.c:231)
11/18 02:32:37.783: [sbi] INFO: [49ad52d4-c41c-41f0-85be-f171e2283645] NF de-registered (../lib/sbi/nf-sm.c:324)
11/18 02:32:37.786: [app] INFO: NSSF terminate...done (../src/nssf/app.c:39)
Open5GS daemon v2.7.6

11/18 02:39:26.626: [app] INFO: Configuration: '/etc/open5gs/custom/nssf.yaml' (../lib/app/ogs-init.c:144)
11/18 02:39:26.626: [app] INFO: File Logging: '/var/log/open5gs/nssf.log' (../lib/app/ogs-init.c:147)
11/18 02:39:26.629: [sbi] INFO: Setup NF EndPoint(fqdn) [nrf.open5gs.org:80] (../lib/sbi/context.c:459)
11/18 02:39:26.629: [sbi] INFO: NF Service [nnssf-nsselection] (../lib/sbi/context.c:1994)
11/18 02:39:26.630: [sbi] INFO: nghttp2_server() [http://nssf.open5gs.org]:80 (../lib/sbi/nghttp2-server.c:434)
11/18 02:39:26.630: [app] INFO: NSSF initialize...done (../src/nssf/app.c:31)
11/18 02:39:26.632: [sbi] INFO: [ccbe6e00-c427-41f0-b8f0-9535c71eb36e] NF registered [Heartbeat:10s] (../lib/sbi/nf-sm.c:295)
11/18 02:39:26.633: [sbi] INFO: Setup NF EndPoint(fqdn) [nrf.open5gs.org:80] (../lib/sbi/nnrf-handler.c:955)
11/18 02:39:26.633: [sbi] INFO: [ccbf0ea0-c427-41f0-b946-3701e9ee361b] Subscription created until 2025-11-19T02:39:26.632762+00:00 [duration:86400000000,validity:86400.000000,patch:43200.000000] (../lib/sbi/nnrf-handler.c:874)
11/18 02:54:21.750: [app] INFO: SIGTERM received (../src/main.c:54)
11/18 02:54:21.750: [app] INFO: Open5GS daemon terminating... (../src/main.c:231)
11/18 02:54:21.750: [sbi] INFO: [ccbe6e00-c427-41f0-b8f0-9535c71eb36e] NF de-registered (../lib/sbi/nf-sm.c:324)
11/18 02:54:21.752: [app] INFO: NSSF terminate...done (../src/nssf/app.c:39)
Open5GS daemon v2.7.6

11/18 02:59:34.304: [app] INFO: Configuration: '/etc/open5gs/custom/nssf.yaml' (../lib/app/ogs-init.c:144)
11/18 02:59:34.304: [app] INFO: File Logging: '/var/log/open5gs/nssf.log' (../lib/app/ogs-init.c:147)
11/18 02:59:34.308: [sbi] INFO: Setup NF EndPoint(fqdn) [nrf.open5gs.org:80] (../lib/sbi/context.c:459)
11/18 02:59:34.308: [sbi] INFO: NF Service [nnssf-nsselection] (../lib/sbi/context.c:1994)
11/18 02:59:34.309: [sbi] INFO: nghttp2_server() [http://nssf.open5gs.org]:80 (../lib/sbi/nghttp2-server.c:434)
11/18 02:59:34.309: [app] INFO: NSSF initialize...done (../src/nssf/app.c:31)
11/18 02:59:34.312: [sbi] INFO: [9c939338-c42a-41f0-9b89-bb5c69f118d5] NF registered [Heartbeat:10s] (../lib/sbi/nf-sm.c:295)
11/18 02:59:34.314: [sbi] INFO: Setup NF EndPoint(fqdn) [nrf.open5gs.org:80] (../lib/sbi/nnrf-handler.c:955)
11/18 02:59:34.314: [sbi] INFO: [9c947104-c42a-41f0-b559-85cba5eb9cae] Subscription created until 2025-11-19T02:59:34.313070+00:00 [duration:86400000000,validity:86400.000000,patch:43200.000000] (../lib/sbi/nnrf-handler.c:874)
