Open5GS daemon v2.7.6

11/18 01:17:02.257: [app] INFO: Configuration: '/etc/open5gs/custom/pcf.yaml' (../lib/app/ogs-init.c:144)
11/18 01:17:02.258: [app] INFO: File Logging: '/var/log/open5gs/pcf.log' (../lib/app/ogs-init.c:147)
11/18 01:17:02.264: [sbi] INFO: Setup NF EndPoint(fqdn) [nrf.open5gs.org:80] (../lib/sbi/context.c:459)
11/18 01:17:02.265: [metrics] INFO: metrics_server() [http://pcf.open5gs.org]:9090 (../lib/metrics/prometheus/context.c:297)
11/18 01:17:02.266: [dbi] WARNING: Failed to connect to server [mongodb://db.open5gs.org/open5gs] (../lib/dbi/ogs-mongoc.c:122)
11/18 01:17:02.266: [app] ERROR: Failed to initialize PCF (../src/pcf/app.c:28)
Open5GS daemon v2.7.6

11/18 01:17:02.749: [app] INFO: Configuration: '/etc/open5gs/custom/pcf.yaml' (../lib/app/ogs-init.c:144)
11/18 01:17:02.749: [app] INFO: File Logging: '/var/log/open5gs/pcf.log' (../lib/app/ogs-init.c:147)
11/18 01:17:02.753: [sbi] INFO: Setup NF EndPoint(fqdn) [nrf.open5gs.org:80] (../lib/sbi/context.c:459)
11/18 01:17:02.754: [metrics] INFO: metrics_server() [http://pcf.open5gs.org]:9090 (../lib/metrics/prometheus/context.c:297)
11/18 01:17:02.757: [dbi] INFO: MongoDB URI: 'mongodb://db.open5gs.org/open5gs' (../lib/dbi/ogs-mongoc.c:130)
11/18 01:17:02.757: [sbi] INFO: NF Service [npcf-am-policy-control] (../lib/sbi/context.c:1994)
11/18 01:17:02.757: [sbi] INFO: NF Service [npcf-smpolicycontrol] (../lib/sbi/context.c:1994)
11/18 01:17:02.757: [sbi] INFO: NF Service [npcf-policyauthorization] (../lib/sbi/context.c:1994)
11/18 01:17:02.757: [sbi] INFO: nghttp2_server() [http://pcf.open5gs.org]:80 (../lib/sbi/nghttp2-server.c:434)
11/18 01:17:02.758: [app] INFO: PCF initialize...done (../src/pcf/app.c:31)
11/18 01:17:02.760: [sbi] INFO: [49f6d440-c41c-41f0-8cc4-935540d91935] NF registered [Heartbeat:10s] (../lib/sbi/nf-sm.c:295)
11/18 01:17:02.762: [sbi] INFO: Setup NF EndPoint(fqdn) [nrf.open5gs.org:80] (../lib/sbi/nnrf-handler.c:955)
11/18 01:17:02.762: [sbi] INFO: [49f83e70-c41c-41f0-815f-9323071c0d25] Subscription created until 2025-11-19T01:17:02.762025+00:00 [duration:86400000000,validity:86400.000000,patch:43200.000000] (../lib/sbi/nnrf-handler.c:874)
11/18 01:17:02.763: [sbi] INFO: Setup NF EndPoint(fqdn) [nrf.open5gs.org:80] (../lib/sbi/nnrf-handler.c:955)
11/18 01:17:02.763: [sbi] INFO: [49f8460e-c41c-41f0-815f-9323071c0d25] Subscription created until 2025-11-19T01:17:02.762182+00:00 [duration:86400000000,validity:86400.000000,patch:43200.000000] (../lib/sbi/nnrf-handler.c:874)
11/18 01:17:02.763: [sbi] INFO: Setup NF EndPoint(fqdn) [nrf.open5gs.org:80] (../lib/sbi/nnrf-handler.c:955)
11/18 01:17:02.763: [sbi] INFO: [49f84b40-c41c-41f0-815f-9323071c0d25] Subscription created until 2025-11-19T01:17:02.762312+00:00 [duration:86400000000,validity:86400.000000,patch:43200.000000] (../lib/sbi/nnrf-handler.c:874)
11/18 01:17:02.766: [sbi] INFO: [49bf55d8-c41c-41f0-a12f-9585e17685ce] (NRF-profile-get) NF registered (../lib/sbi/nf-sm.c:81)
11/18 01:17:02.766: [sbi] INFO: Setup NF EndPoint(fqdn) [bsf.open5gs.org:0] (../lib/sbi/context.c:2374)
11/18 01:17:02.766: [sbi] INFO: Setup NF EndPoint(addr) [10.33.33.10:80] (../lib/sbi/context.c:2374)
11/18 01:17:02.766: [sbi] INFO: Setup NF EndPoint(fqdn) [bsf.open5gs.org:0] (../lib/sbi/context.c:2113)
11/18 01:17:02.766: [sbi] INFO: Setup NF EndPoint(addr) [10.33.33.10:80] (../lib/sbi/context.c:2113)
11/18 01:17:02.851: [sbi] INFO: [4a04d31a-c41c-41f0-9a72-2d01399ef8e1] (NRF-notify) NF registered (../lib/sbi/nnrf-handler.c:1140)
11/18 01:17:02.851: [sbi] INFO: [4a04d31a-c41c-41f0-9a72-2d01399ef8e1] (NRF-notify) NF Profile updated [type:UDR] (../lib/sbi/nnrf-handler.c:1154)
11/18 01:17:02.851: [sbi] INFO: Setup NF EndPoint(fqdn) [udr.open5gs.org:0] (../lib/sbi/context.c:2374)
11/18 01:17:02.851: [sbi] INFO: Setup NF EndPoint(addr) [10.33.33.15:80] (../lib/sbi/context.c:2374)
11/18 01:17:02.851: [sbi] INFO: Setup NF EndPoint(fqdn) [udr.open5gs.org:0] (../lib/sbi/context.c:2113)
11/18 01:17:02.851: [sbi] INFO: Setup NF EndPoint(addr) [10.33.33.15:80] (../lib/sbi/context.c:2113)
11/18 02:32:37.779: [app] INFO: SIGTERM received (../src/main.c:54)
11/18 02:32:37.779: [app] INFO: Open5GS daemon terminating... (../src/main.c:231)
11/18 02:32:37.779: [sbi] INFO: [49f6d440-c41c-41f0-8cc4-935540d91935] NF de-registered (../lib/sbi/nf-sm.c:324)
11/18 02:32:37.784: [app] INFO: PCF terminate...done (../src/pcf/app.c:39)
Open5GS daemon v2.7.6

11/18 02:39:26.674: [app] INFO: Configuration: '/etc/open5gs/custom/pcf.yaml' (../lib/app/ogs-init.c:144)
11/18 02:39:26.674: [app] INFO: File Logging: '/var/log/open5gs/pcf.log' (../lib/app/ogs-init.c:147)
11/18 02:39:26.675: [sbi] INFO: Setup NF EndPoint(fqdn) [nrf.open5gs.org:80] (../lib/sbi/context.c:459)
11/18 02:39:26.675: [metrics] INFO: metrics_server() [http://pcf.open5gs.org]:9090 (../lib/metrics/prometheus/context.c:297)
11/18 02:39:26.676: [dbi] WARNING: Failed to connect to server [mongodb://db.open5gs.org/open5gs] (../lib/dbi/ogs-mongoc.c:122)
11/18 02:39:26.676: [app] ERROR: Failed to initialize PCF (../src/pcf/app.c:28)
Open5GS daemon v2.7.6

11/18 02:39:27.046: [app] INFO: Configuration: '/etc/open5gs/custom/pcf.yaml' (../lib/app/ogs-init.c:144)
11/18 02:39:27.046: [app] INFO: File Logging: '/var/log/open5gs/pcf.log' (../lib/app/ogs-init.c:147)
11/18 02:39:27.050: [sbi] INFO: Setup NF EndPoint(fqdn) [nrf.open5gs.org:80] (../lib/sbi/context.c:459)
11/18 02:39:27.051: [metrics] INFO: metrics_server() [http://pcf.open5gs.org]:9090 (../lib/metrics/prometheus/context.c:297)
11/18 02:39:27.053: [dbi] INFO: MongoDB URI: 'mongodb://db.open5gs.org/open5gs' (../lib/dbi/ogs-mongoc.c:130)
11/18 02:39:27.053: [sbi] INFO: NF Service [npcf-am-policy-control] (../lib/sbi/context.c:1994)
11/18 02:39:27.053: [sbi] INFO: NF Service [npcf-smpolicycontrol] (../lib/sbi/context.c:1994)
11/18 02:39:27.053: [sbi] INFO: NF Service [npcf-policyauthorization] (../lib/sbi/context.c:1994)
11/18 02:39:27.054: [sbi] INFO: nghttp2_server() [http://pcf.open5gs.org]:80 (../lib/sbi/nghttp2-server.c:434)
11/18 02:39:27.054: [app] INFO: PCF initialize...done (../src/pcf/app.c:31)
11/18 02:39:27.057: [sbi] INFO: [ccfea998-c427-41f0-946b-e5e3b1be36bb] NF registered [Heartbeat:10s] (../lib/sbi/nf-sm.c:295)
11/18 02:39:27.058: [sbi] INFO: Setup NF EndPoint(fqdn) [nrf.open5gs.org:80] (../lib/sbi/nnrf-handler.c:955)
11/18 02:39:27.059: [sbi] INFO: [ccfff708-c427-41f0-b946-3701e9ee361b] Subscription created until 2025-11-19T02:39:27.058155+00:00 [duration:86400000000,validity:86400.000000,patch:43200.000000] (../lib/sbi/nnrf-handler.c:874)
11/18 02:39:27.059: [sbi] INFO: Setup NF EndPoint(fqdn) [nrf.open5gs.org:80] (../lib/sbi/nnrf-handler.c:955)
11/18 02:39:27.059: [sbi] INFO: [ccfffcc6-c427-41f0-b946-3701e9ee361b] Subscription created until 2025-11-19T02:39:27.058269+00:00 [duration:86400000000,validity:86400.000000,patch:43200.000000] (../lib/sbi/nnrf-handler.c:874)
11/18 02:39:27.059: [sbi] INFO: Setup NF EndPoint(fqdn) [nrf.open5gs.org:80] (../lib/sbi/nnrf-handler.c:955)
11/18 02:39:27.059: [sbi] INFO: [cd000130-c427-41f0-b946-3701e9ee361b] Subscription created until 2025-11-19T02:39:27.058381+00:00 [duration:86400000000,validity:86400.000000,patch:43200.000000] (../lib/sbi/nnrf-handler.c:874)
11/18 02:39:27.062: [sbi] INFO: [ccc26e4c-c427-41f0-a18b-5db89477965b] (NRF-profile-get) NF registered (../lib/sbi/nf-sm.c:81)
11/18 02:39:27.062: [sbi] INFO: Setup NF EndPoint(fqdn) [bsf.open5gs.org:0] (../lib/sbi/context.c:2374)
11/18 02:39:27.062: [sbi] INFO: Setup NF EndPoint(addr) [10.33.33.8:80] (../lib/sbi/context.c:2374)
11/18 02:39:27.062: [sbi] INFO: Setup NF EndPoint(fqdn) [bsf.open5gs.org:0] (../lib/sbi/context.c:2113)
11/18 02:39:27.062: [sbi] INFO: Setup NF EndPoint(addr) [10.33.33.8:80] (../lib/sbi/context.c:2113)
11/18 02:39:27.087: [sbi] INFO: [cd0350c4-c427-41f0-bf91-c11864ef3e13] (NRF-notify) NF registered (../lib/sbi/nnrf-handler.c:1140)
11/18 02:39:27.087: [sbi] INFO: [cd0350c4-c427-41f0-bf91-c11864ef3e13] (NRF-notify) NF Profile updated [type:UDR] (../lib/sbi/nnrf-handler.c:1154)
11/18 02:39:27.087: [sbi] INFO: Setup NF EndPoint(fqdn) [udr.open5gs.org:0] (../lib/sbi/context.c:2374)
11/18 02:39:27.087: [sbi] INFO: Setup NF EndPoint(addr) [10.33.33.15:80] (../lib/sbi/context.c:2374)
11/18 02:39:27.088: [sbi] INFO: Setup NF EndPoint(fqdn) [udr.open5gs.org:0] (../lib/sbi/context.c:2113)
11/18 02:39:27.088: [sbi] INFO: Setup NF EndPoint(addr) [10.33.33.15:80] (../lib/sbi/context.c:2113)
11/18 02:54:21.750: [app] INFO: SIGTERM received (../src/main.c:54)
11/18 02:54:21.750: [app] INFO: Open5GS daemon terminating... (../src/main.c:231)
11/18 02:54:21.750: [sbi] INFO: [ccfea998-c427-41f0-946b-e5e3b1be36bb] NF de-registered (../lib/sbi/nf-sm.c:324)
11/18 02:54:21.754: [app] INFO: PCF terminate...done (../src/pcf/app.c:39)
Open5GS daemon v2.7.6

11/18 02:59:34.388: [app] INFO: Configuration: '/etc/open5gs/custom/pcf.yaml' (../lib/app/ogs-init.c:144)
11/18 02:59:34.388: [app] INFO: File Logging: '/var/log/open5gs/pcf.log' (../lib/app/ogs-init.c:147)
11/18 02:59:34.392: [sbi] INFO: Setup NF EndPoint(fqdn) [nrf.open5gs.org:80] (../lib/sbi/context.c:459)
11/18 02:59:34.392: [metrics] INFO: metrics_server() [http://pcf.open5gs.org]:9090 (../lib/metrics/prometheus/context.c:297)
11/18 02:59:34.393: [dbi] WARNING: Failed to connect to server [mongodb://db.open5gs.org/open5gs] (../lib/dbi/ogs-mongoc.c:122)
11/18 02:59:34.393: [app] ERROR: Failed to initialize PCF (../src/pcf/app.c:28)
Open5GS daemon v2.7.6

11/18 02:59:34.847: [app] INFO: Configuration: '/etc/open5gs/custom/pcf.yaml' (../lib/app/ogs-init.c:144)
11/18 02:59:34.848: [app] INFO: File Logging: '/var/log/open5gs/pcf.log' (../lib/app/ogs-init.c:147)
11/18 02:59:34.852: [sbi] INFO: Setup NF EndPoint(fqdn) [nrf.open5gs.org:80] (../lib/sbi/context.c:459)
11/18 02:59:34.853: [metrics] INFO: metrics_server() [http://pcf.open5gs.org]:9090 (../lib/metrics/prometheus/context.c:297)
11/18 02:59:34.855: [dbi] INFO: MongoDB URI: 'mongodb://db.open5gs.org/open5gs' (../lib/dbi/ogs-mongoc.c:130)
11/18 02:59:34.855: [sbi] INFO: NF Service [npcf-am-policy-control] (../lib/sbi/context.c:1994)
11/18 02:59:34.855: [sbi] INFO: NF Service [npcf-smpolicycontrol] (../lib/sbi/context.c:1994)
11/18 02:59:34.855: [sbi] INFO: NF Service [npcf-policyauthorization] (../lib/sbi/context.c:1994)
11/18 02:59:34.855: [sbi] INFO: nghttp2_server() [http://pcf.open5gs.org]:80 (../lib/sbi/nghttp2-server.c:434)
11/18 02:59:34.855: [app] INFO: PCF initialize...done (../src/pcf/app.c:31)
11/18 02:59:34.858: [sbi] INFO: [9ce68b38-c42a-41f0-a954-73addbc4636e] NF registered [Heartbeat:10s] (../lib/sbi/nf-sm.c:295)
11/18 02:59:34.860: [sbi] INFO: Setup NF EndPoint(fqdn) [nrf.open5gs.org:80] (../lib/sbi/nnrf-handler.c:955)
11/18 02:59:34.860: [sbi] INFO: [9ce7d812-c42a-41f0-b559-85cba5eb9cae] Subscription created until 2025-11-19T02:59:34.859634+00:00 [duration:86400000000,validity:86400.000000,patch:43200.000000] (../lib/sbi/nnrf-handler.c:874)
11/18 02:59:34.860: [sbi] INFO: Setup NF EndPoint(fqdn) [nrf.open5gs.org:80] (../lib/sbi/nnrf-handler.c:955)
11/18 02:59:34.860: [sbi] INFO: [9ce7de2a-c42a-41f0-b559-85cba5eb9cae] Subscription created until 2025-11-19T02:59:34.859752+00:00 [duration:86400000000,validity:86400.000000,patch:43200.000000] (../lib/sbi/nnrf-handler.c:874)
11/18 02:59:34.860: [sbi] INFO: Setup NF EndPoint(fqdn) [nrf.open5gs.org:80] (../lib/sbi/nnrf-handler.c:955)
11/18 02:59:34.860: [sbi] INFO: [9ce7e262-c42a-41f0-b559-85cba5eb9cae] Subscription created until 2025-11-19T02:59:34.859856+00:00 [duration:86400000000,validity:86400.000000,patch:43200.000000] (../lib/sbi/nnrf-handler.c:874)
11/18 02:59:34.862: [sbi] INFO: [9c91259e-c42a-41f0-8255-c5f606a71738] (NRF-profile-get) NF registered (../lib/sbi/nf-sm.c:81)
11/18 02:59:34.862: [sbi] INFO: Setup NF EndPoint(fqdn) [bsf.open5gs.org:0] (../lib/sbi/context.c:2374)
11/18 02:59:34.862: [sbi] INFO: Setup NF EndPoint(addr) [10.33.33.7:80] (../lib/sbi/context.c:2374)
11/18 02:59:34.862: [sbi] INFO: Setup NF EndPoint(fqdn) [bsf.open5gs.org:0] (../lib/sbi/context.c:2113)
11/18 02:59:34.862: [sbi] INFO: Setup NF EndPoint(addr) [10.33.33.7:80] (../lib/sbi/context.c:2113)
11/18 02:59:34.863: [sbi] INFO: [9cab820e-c42a-41f0-a11d-d382b6bcffc3] (NRF-profile-get) NF registered (../lib/sbi/nf-sm.c:81)
11/18 02:59:34.863: [sbi] INFO: Setup NF EndPoint(fqdn) [udr.open5gs.org:0] (../lib/sbi/context.c:2374)
11/18 02:59:34.863: [sbi] INFO: Setup NF EndPoint(addr) [10.33.33.13:80] (../lib/sbi/context.c:2374)
11/18 02:59:34.863: [sbi] INFO: Setup NF EndPoint(fqdn) [udr.open5gs.org:0] (../lib/sbi/context.c:2113)
11/18 02:59:34.863: [sbi] INFO: Setup NF EndPoint(addr) [10.33.33.13:80] (../lib/sbi/context.c:2113)
