Open5GS daemon v2.7.6

11/18 01:17:02.341: [app] INFO: Configuration: '/etc/open5gs/custom/udm.yaml' (../lib/app/ogs-init.c:144)
11/18 01:17:02.341: [app] INFO: File Logging: '/var/log/open5gs/udm.log' (../lib/app/ogs-init.c:147)
11/18 01:17:02.346: [sbi] INFO: Setup NF EndPoint(fqdn) [nrf.open5gs.org:80] (../lib/sbi/context.c:459)
11/18 01:17:02.346: [sbi] INFO: NF Service [nudm-ueau] (../lib/sbi/context.c:1994)
11/18 01:17:02.346: [sbi] INFO: NF Service [nudm-uecm] (../lib/sbi/context.c:1994)
11/18 01:17:02.346: [sbi] INFO: NF Service [nudm-sdm] (../lib/sbi/context.c:1994)
11/18 01:17:02.347: [sbi] INFO: nghttp2_server() [http://udm.open5gs.org]:80 (../lib/sbi/nghttp2-server.c:434)
11/18 01:17:02.347: [app] INFO: UDM initialize...done (../src/udm/app.c:31)
11/18 01:17:02.350: [sbi] INFO: [49b8a0da-c41c-41f0-b64d-1f86b735c0be] NF registered [Heartbeat:10s] (../lib/sbi/nf-sm.c:295)
11/18 01:17:02.351: [sbi] INFO: Setup NF EndPoint(fqdn) [nrf.open5gs.org:80] (../lib/sbi/nnrf-handler.c:955)
11/18 01:17:02.351: [sbi] INFO: [49b98482-c41c-41f0-815f-9323071c0d25] Subscription created until 2025-11-19T01:17:02.350922+00:00 [duration:86400000000,validity:86400.000000,patch:43200.000000] (../lib/sbi/nnrf-handler.c:874)
11/18 01:17:02.351: [sbi] INFO: Setup NF EndPoint(fqdn) [nrf.open5gs.org:80] (../lib/sbi/nnrf-handler.c:955)
11/18 01:17:02.351: [sbi] INFO: [49b98fb8-c41c-41f0-815f-9323071c0d25] Subscription created until 2025-11-19T01:17:02.351183+00:00 [duration:86400000000,validity:86400.000000,patch:43200.000000] (../lib/sbi/nnrf-handler.c:874)
11/18 01:17:02.851: [sbi] INFO: [4a04d31a-c41c-41f0-9a72-2d01399ef8e1] (NRF-notify) NF registered (../lib/sbi/nnrf-handler.c:1140)
11/18 01:17:02.851: [sbi] INFO: [4a04d31a-c41c-41f0-9a72-2d01399ef8e1] (NRF-notify) NF Profile updated [type:UDR] (../lib/sbi/nnrf-handler.c:1154)
11/18 01:17:02.851: [sbi] INFO: Setup NF EndPoint(fqdn) [udr.open5gs.org:0] (../lib/sbi/context.c:2374)
11/18 01:17:02.851: [sbi] INFO: Setup NF EndPoint(addr) [10.33.33.15:80] (../lib/sbi/context.c:2374)
11/18 01:17:02.851: [sbi] INFO: Setup NF EndPoint(fqdn) [udr.open5gs.org:0] (../lib/sbi/context.c:2113)
11/18 01:17:02.851: [sbi] INFO: Setup NF EndPoint(addr) [10.33.33.15:80] (../lib/sbi/context.c:2113)
11/18 01:17:03.100: [sbi] INFO: [4a04d31a-c41c-41f0-9a72-2d01399ef8e1] Setup NF Instance [type:UDR] (../lib/sbi/path.c:307)
11/18 01:17:03.101: [udm] WARNING: [suci-0-001-01-0000-0-0-1234567893] HTTP response error [404] (../src/udm/nudr-handler.c:87)
11/18 01:17:03.101: [udm] WARNING: udm_nudr_dr_handle_subscription_authentication() failed (../src/udm/ue-sm.c:307)
11/18 01:17:03.101: [udm] WARNING: [suci-0-001-01-0000-0-0-1234567893] State machine exception (../src/udm/udm-sm.c:505)
11/18 01:17:03.307: [sbi] INFO: [4a04d31a-c41c-41f0-9a72-2d01399ef8e1] Setup NF Instance [type:UDR] (../lib/sbi/path.c:307)
11/18 01:17:03.307: [sbi] INFO: [4a04d31a-c41c-41f0-9a72-2d01399ef8e1] Setup NF Instance [type:UDR] (../lib/sbi/path.c:307)
11/18 01:17:03.309: [udm] WARNING: [suci-0-001-01-0000-0-0-1234567891] HTTP response error [404] (../src/udm/nudr-handler.c:87)
11/18 01:17:03.309: [udm] WARNING: udm_nudr_dr_handle_subscription_authentication() failed (../src/udm/ue-sm.c:307)
11/18 01:17:03.309: [udm] WARNING: [suci-0-001-01-0000-0-0-1234567891] State machine exception (../src/udm/udm-sm.c:505)
11/18 01:17:03.309: [udm] WARNING: [suci-0-001-01-0000-0-0-1234567892] HTTP response error [404] (../src/udm/nudr-handler.c:87)
11/18 01:17:03.309: [udm] WARNING: udm_nudr_dr_handle_subscription_authentication() failed (../src/udm/ue-sm.c:307)
11/18 01:17:03.309: [udm] WARNING: [suci-0-001-01-0000-0-0-1234567892] State machine exception (../src/udm/udm-sm.c:505)
11/18 02:32:37.780: [app] INFO: SIGTERM received (../src/main.c:54)
11/18 02:32:37.780: [app] INFO: Open5GS daemon terminating... (../src/main.c:231)
11/18 02:32:37.780: [sbi] INFO: [49b8a0da-c41c-41f0-b64d-1f86b735c0be] NF de-registered (../lib/sbi/nf-sm.c:324)
11/18 02:32:37.783: [app] INFO: UDM terminate...done (../src/udm/app.c:39)
Open5GS daemon v2.7.6

11/18 02:39:26.634: [app] INFO: Configuration: '/etc/open5gs/custom/udm.yaml' (../lib/app/ogs-init.c:144)
11/18 02:39:26.634: [app] INFO: File Logging: '/var/log/open5gs/udm.log' (../lib/app/ogs-init.c:147)
11/18 02:39:26.636: [sbi] INFO: Setup NF EndPoint(fqdn) [nrf.open5gs.org:80] (../lib/sbi/context.c:459)
11/18 02:39:26.636: [sbi] INFO: NF Service [nudm-ueau] (../lib/sbi/context.c:1994)
11/18 02:39:26.636: [sbi] INFO: NF Service [nudm-uecm] (../lib/sbi/context.c:1994)
11/18 02:39:26.636: [sbi] INFO: NF Service [nudm-sdm] (../lib/sbi/context.c:1994)
11/18 02:39:26.636: [sbi] INFO: nghttp2_server() [http://udm.open5gs.org]:80 (../lib/sbi/nghttp2-server.c:434)
11/18 02:39:26.636: [app] INFO: UDM initialize...done (../src/udm/app.c:31)
11/18 02:39:26.637: [sbi] INFO: [ccbf848e-c427-41f0-b13c-8dba8d522131] NF registered [Heartbeat:10s] (../lib/sbi/nf-sm.c:295)
11/18 02:39:26.638: [sbi] INFO: Setup NF EndPoint(fqdn) [nrf.open5gs.org:80] (../lib/sbi/nnrf-handler.c:955)
11/18 02:39:26.638: [sbi] INFO: [ccbfd0ba-c427-41f0-b946-3701e9ee361b] Subscription created until 2025-11-19T02:39:26.637720+00:00 [duration:86400000000,validity:86400.000000,patch:43200.000000] (../lib/sbi/nnrf-handler.c:874)
11/18 02:39:26.638: [sbi] INFO: Setup NF EndPoint(fqdn) [nrf.open5gs.org:80] (../lib/sbi/nnrf-handler.c:955)
11/18 02:39:26.638: [sbi] INFO: [ccbfd876-c427-41f0-b946-3701e9ee361b] Subscription created until 2025-11-19T02:39:26.637911+00:00 [duration:86400000000,validity:86400.000000,patch:43200.000000] (../lib/sbi/nnrf-handler.c:874)
11/18 02:39:27.087: [sbi] INFO: [cd0350c4-c427-41f0-bf91-c11864ef3e13] (NRF-notify) NF registered (../lib/sbi/nnrf-handler.c:1140)
11/18 02:39:27.087: [sbi] INFO: [cd0350c4-c427-41f0-bf91-c11864ef3e13] (NRF-notify) NF Profile updated [type:UDR] (../lib/sbi/nnrf-handler.c:1154)
11/18 02:39:27.087: [sbi] INFO: Setup NF EndPoint(fqdn) [udr.open5gs.org:0] (../lib/sbi/context.c:2374)
11/18 02:39:27.087: [sbi] INFO: Setup NF EndPoint(addr) [10.33.33.15:80] (../lib/sbi/context.c:2374)
11/18 02:39:27.087: [sbi] INFO: Setup NF EndPoint(fqdn) [udr.open5gs.org:0] (../lib/sbi/context.c:2113)
11/18 02:39:27.087: [sbi] INFO: Setup NF EndPoint(addr) [10.33.33.15:80] (../lib/sbi/context.c:2113)
11/18 02:54:21.749: [app] INFO: SIGTERM received (../src/main.c:54)
11/18 02:54:21.750: [app] INFO: Open5GS daemon terminating... (../src/main.c:231)
11/18 02:54:21.750: [sbi] INFO: [ccbf848e-c427-41f0-b13c-8dba8d522131] NF de-registered (../lib/sbi/nf-sm.c:324)
11/18 02:54:21.752: [app] INFO: UDM terminate...done (../src/udm/app.c:39)
Open5GS daemon v2.7.6

11/18 02:59:34.402: [app] INFO: Configuration: '/etc/open5gs/custom/udm.yaml' (../lib/app/ogs-init.c:144)
11/18 02:59:34.402: [app] INFO: File Logging: '/var/log/open5gs/udm.log' (../lib/app/ogs-init.c:147)
11/18 02:59:34.406: [sbi] INFO: Setup NF EndPoint(fqdn) [nrf.open5gs.org:80] (../lib/sbi/context.c:459)
11/18 02:59:34.406: [sbi] INFO: NF Service [nudm-ueau] (../lib/sbi/context.c:1994)
11/18 02:59:34.406: [sbi] INFO: NF Service [nudm-uecm] (../lib/sbi/context.c:1994)
11/18 02:59:34.406: [sbi] INFO: NF Service [nudm-sdm] (../lib/sbi/context.c:1994)
11/18 02:59:34.406: [sbi] INFO: nghttp2_server() [http://udm.open5gs.org]:80 (../lib/sbi/nghttp2-server.c:434)
11/18 02:59:34.406: [app] INFO: UDM initialize...done (../src/udm/app.c:31)
11/18 02:59:34.409: [sbi] INFO: [9ca2722c-c42a-41f0-9786-5527a342f2f6] NF registered [Heartbeat:10s] (../lib/sbi/nf-sm.c:295)
11/18 02:59:34.411: [sbi] INFO: Setup NF EndPoint(fqdn) [nrf.open5gs.org:80] (../lib/sbi/nnrf-handler.c:955)
11/18 02:59:34.411: [sbi] INFO: [9ca357b4-c42a-41f0-b559-85cba5eb9cae] Subscription created until 2025-11-19T02:59:34.410700+00:00 [duration:86400000000,validity:86400.000000,patch:43200.000000] (../lib/sbi/nnrf-handler.c:874)
11/18 02:59:34.411: [sbi] INFO: Setup NF EndPoint(fqdn) [nrf.open5gs.org:80] (../lib/sbi/nnrf-handler.c:955)
11/18 02:59:34.411: [sbi] INFO: [9ca36060-c42a-41f0-b559-85cba5eb9cae] Subscription created until 2025-11-19T02:59:34.410899+00:00 [duration:86400000000,validity:86400.000000,patch:43200.000000] (../lib/sbi/nnrf-handler.c:874)
11/18 02:59:34.472: [sbi] INFO: [9cab820e-c42a-41f0-a11d-d382b6bcffc3] (NRF-notify) NF registered (../lib/sbi/nnrf-handler.c:1140)
11/18 02:59:34.472: [sbi] INFO: [9cab820e-c42a-41f0-a11d-d382b6bcffc3] (NRF-notify) NF Profile updated [type:UDR] (../lib/sbi/nnrf-handler.c:1154)
11/18 02:59:34.472: [sbi] INFO: Setup NF EndPoint(fqdn) [udr.open5gs.org:0] (../lib/sbi/context.c:2374)
11/18 02:59:34.472: [sbi] INFO: Setup NF EndPoint(addr) [10.33.33.13:80] (../lib/sbi/context.c:2374)
11/18 02:59:34.472: [sbi] INFO: Setup NF EndPoint(fqdn) [udr.open5gs.org:0] (../lib/sbi/context.c:2113)
11/18 02:59:34.472: [sbi] INFO: Setup NF EndPoint(addr) [10.33.33.13:80] (../lib/sbi/context.c:2113)
