Open5GS daemon v2.7.6

11/18 01:17:02.344: [app] INFO: Configuration: '/etc/open5gs/custom/udr.yaml' (../lib/app/ogs-init.c:144)
11/18 01:17:02.345: [app] INFO: File Logging: '/var/log/open5gs/udr.log' (../lib/app/ogs-init.c:147)
11/18 01:17:02.349: [sbi] INFO: Setup NF EndPoint(fqdn) [nrf.open5gs.org:80] (../lib/sbi/context.c:459)
11/18 01:17:02.349: [dbi] WARNING: Failed to connect to server [mongodb://db.open5gs.org/open5gs] (../lib/dbi/ogs-mongoc.c:122)
11/18 01:17:02.349: [app] WARNING: Failed to initialize UDR (../src/udr/app.c:28)
Open5GS daemon v2.7.6

11/18 01:17:02.842: [app] INFO: Configuration: '/etc/open5gs/custom/udr.yaml' (../lib/app/ogs-init.c:144)
11/18 01:17:02.842: [app] INFO: File Logging: '/var/log/open5gs/udr.log' (../lib/app/ogs-init.c:147)
11/18 01:17:02.845: [sbi] INFO: Setup NF EndPoint(fqdn) [nrf.open5gs.org:80] (../lib/sbi/context.c:459)
11/18 01:17:02.846: [dbi] INFO: MongoDB URI: 'mongodb://db.open5gs.org/open5gs' (../lib/dbi/ogs-mongoc.c:130)
11/18 01:17:02.847: [sbi] INFO: NF Service [nudr-dr] (../lib/sbi/context.c:1994)
11/18 01:17:02.847: [sbi] INFO: nghttp2_server() [http://udr.open5gs.org]:80 (../lib/sbi/nghttp2-server.c:434)
11/18 01:17:02.847: [app] INFO: UDR initialize...done (../src/udr/app.c:31)
11/18 01:17:02.850: [sbi] INFO: [4a04d31a-c41c-41f0-9a72-2d01399ef8e1] NF registered [Heartbeat:10s] (../lib/sbi/nf-sm.c:295)
11/18 01:17:02.851: [sbi] INFO: Setup NF EndPoint(fqdn) [nrf.open5gs.org:80] (../lib/sbi/nnrf-handler.c:955)
11/18 01:17:02.851: [sbi] INFO: [4a05cd1a-c41c-41f0-815f-9323071c0d25] Subscription created until 2025-11-19T01:17:02.850859+00:00 [duration:86400000000,validity:86400.000000,patch:43200.000000] (../lib/sbi/nnrf-handler.c:874)
11/18 01:17:03.101: [dbi] INFO: [imsi-001011234567893] Cannot find IMSI in DB (../lib/dbi/subscription.c:63)
11/18 01:17:03.101: [udr] WARNING: [imsi-001011234567893] Cannot find SUPI in DB (../src/udr/nudr-handler.c:68)
11/18 01:17:03.308: [dbi] INFO: [imsi-001011234567891] Cannot find IMSI in DB (../lib/dbi/subscription.c:63)
11/18 01:17:03.308: [udr] WARNING: [imsi-001011234567891] Cannot find SUPI in DB (../src/udr/nudr-handler.c:68)
11/18 01:17:03.309: [dbi] INFO: [imsi-001011234567892] Cannot find IMSI in DB (../lib/dbi/subscription.c:63)
11/18 01:17:03.309: [udr] WARNING: [imsi-001011234567892] Cannot find SUPI in DB (../src/udr/nudr-handler.c:68)
11/18 02:32:37.778: [app] INFO: SIGTERM received (../src/main.c:54)
11/18 02:32:37.779: [app] INFO: Open5GS daemon terminating... (../src/main.c:231)
11/18 02:32:37.779: [sbi] INFO: [4a04d31a-c41c-41f0-9a72-2d01399ef8e1] NF de-registered (../lib/sbi/nf-sm.c:324)
11/18 02:32:37.782: [app] INFO: UDR terminate...done (../src/udr/app.c:39)
Open5GS daemon v2.7.6

11/18 02:39:26.709: [app] INFO: Configuration: '/etc/open5gs/custom/udr.yaml' (../lib/app/ogs-init.c:144)
11/18 02:39:26.709: [app] INFO: File Logging: '/var/log/open5gs/udr.log' (../lib/app/ogs-init.c:147)
11/18 02:39:26.713: [sbi] INFO: Setup NF EndPoint(fqdn) [nrf.open5gs.org:80] (../lib/sbi/context.c:459)
11/18 02:39:26.714: [dbi] WARNING: Failed to connect to server [mongodb://db.open5gs.org/open5gs] (../lib/dbi/ogs-mongoc.c:122)
11/18 02:39:26.714: [app] WARNING: Failed to initialize UDR (../src/udr/app.c:28)
Open5GS daemon v2.7.6

11/18 02:39:27.077: [app] INFO: Configuration: '/etc/open5gs/custom/udr.yaml' (../lib/app/ogs-init.c:144)
11/18 02:39:27.077: [app] INFO: File Logging: '/var/log/open5gs/udr.log' (../lib/app/ogs-init.c:147)
11/18 02:39:27.080: [sbi] INFO: Setup NF EndPoint(fqdn) [nrf.open5gs.org:80] (../lib/sbi/context.c:459)
11/18 02:39:27.083: [dbi] INFO: MongoDB URI: 'mongodb://db.open5gs.org/open5gs' (../lib/dbi/ogs-mongoc.c:130)
11/18 02:39:27.083: [sbi] INFO: NF Service [nudr-dr] (../lib/sbi/context.c:1994)
11/18 02:39:27.083: [sbi] INFO: nghttp2_server() [http://udr.open5gs.org]:80 (../lib/sbi/nghttp2-server.c:434)
11/18 02:39:27.084: [app] INFO: UDR initialize...done (../src/udr/app.c:31)
11/18 02:39:27.086: [sbi] INFO: [cd0350c4-c427-41f0-bf91-c11864ef3e13] NF registered [Heartbeat:10s] (../lib/sbi/nf-sm.c:295)
11/18 02:39:27.088: [sbi] INFO: Setup NF EndPoint(fqdn) [nrf.open5gs.org:80] (../lib/sbi/nnrf-handler.c:955)
11/18 02:39:27.088: [sbi] INFO: [cd047b2a-c427-41f0-b946-3701e9ee361b] Subscription created until 2025-11-19T02:39:27.087766+00:00 [duration:86400000000,validity:86400.000000,patch:43200.000000] (../lib/sbi/nnrf-handler.c:874)
11/18 02:54:21.750: [app] INFO: SIGTERM received (../src/main.c:54)
11/18 02:54:21.750: [app] INFO: Open5GS daemon terminating... (../src/main.c:231)
11/18 02:54:21.751: [sbi] INFO: [cd0350c4-c427-41f0-bf91-c11864ef3e13] NF de-registered (../lib/sbi/nf-sm.c:324)
11/18 02:54:21.754: [app] INFO: UDR terminate...done (../src/udr/app.c:39)
Open5GS daemon v2.7.6

11/18 02:59:34.461: [app] INFO: Configuration: '/etc/open5gs/custom/udr.yaml' (../lib/app/ogs-init.c:144)
11/18 02:59:34.461: [app] INFO: File Logging: '/var/log/open5gs/udr.log' (../lib/app/ogs-init.c:147)
11/18 02:59:34.465: [sbi] INFO: Setup NF EndPoint(fqdn) [nrf.open5gs.org:80] (../lib/sbi/context.c:459)
11/18 02:59:34.467: [dbi] INFO: MongoDB URI: 'mongodb://db.open5gs.org/open5gs' (../lib/dbi/ogs-mongoc.c:130)
11/18 02:59:34.467: [sbi] INFO: NF Service [nudr-dr] (../lib/sbi/context.c:1994)
11/18 02:59:34.468: [sbi] INFO: nghttp2_server() [http://udr.open5gs.org]:80 (../lib/sbi/nghttp2-server.c:434)
11/18 02:59:34.468: [app] INFO: UDR initialize...done (../src/udr/app.c:31)
11/18 02:59:34.470: [sbi] INFO: [9cab820e-c42a-41f0-a11d-d382b6bcffc3] NF registered [Heartbeat:10s] (../lib/sbi/nf-sm.c:295)
11/18 02:59:34.472: [sbi] INFO: Setup NF EndPoint(fqdn) [nrf.open5gs.org:80] (../lib/sbi/nnrf-handler.c:955)
11/18 02:59:34.472: [sbi] INFO: [9cacac56-c42a-41f0-b559-85cba5eb9cae] Subscription created until 2025-11-19T02:59:34.471870+00:00 [duration:86400000000,validity:86400.000000,patch:43200.000000] (../lib/sbi/nnrf-handler.c:874)
